#
# There is insufficient memory for the Java Runtime Environment to continue.
# Native memory allocation (malloc) failed to allocate 368656 bytes for Chunk::new
# Possible reasons:
#   The system is out of physical RAM or swap space
#   The process is running with CompressedOops enabled, and the Java Heap may be blocking the growth of the native heap
# Possible solutions:
#   Reduce memory load on the system
#   Increase physical memory or swap space
#   Check if swap backing store is full
#   Decrease Java heap size (-Xmx/-Xms)
#   Decrease number of Java threads
#   Decrease Java thread stack sizes (-Xss)
#   Set larger code cache with -XX:ReservedCodeCacheSize=
#   JVM is running with Unscaled Compressed Oops mode in which the Java heap is
#     placed in the first 4GB address space. The Java Heap base address is the
#     maximum limit for the native heap growth. Please use -XX:HeapBaseMinAddress
#     to set the Java Heap base and to place the Java Heap above 4GB virtual address.
# This output file may be truncated or incomplete.
#
#  Out of Memory Error (src/hotspot/share/memory/arena.cpp:197), pid=17564, tid=19896
#
# JRE version:  (11.0.15+10) (build )
# Java VM: OpenJDK 64-Bit Server VM (11.0.15+10-b2043.56, mixed mode, tiered, compressed oops, g1 gc, windows-amd64)
# No core dump will be written. Minidumps are not enabled by default on client versions of Windows
#

---------------  S U M M A R Y ------------

Command Line: -Djava.rmi.server.hostname=127.0.0.1 -Duser.timezone=UTC -Xmx750m -Xms128m -Dfile.encoding=UTF-8 com.intellij.database.remote.RemoteJdbcServer org.postgresql.Driver

Host: AMD Ryzen 7 5700U with Radeon Graphics         , 16 cores, 15G,  Windows 11 , 64 bit Build 22621 (10.0.22621.3958)
Time: Sat Oct 19 20:16:29 2024  Windows 11 , 64 bit Build 22621 (10.0.22621.3958) elapsed time: 0.020446 seconds (0d 0h 0m 0s)

---------------  T H R E A D  ---------------

Current thread (0x000001e6dc960000):  JavaThread "Unknown thread" [_thread_in_vm, id=19896, stack(0x000000127c400000,0x000000127c500000)]

Stack: [0x000000127c400000,0x000000127c500000]
Native frames: (J=compiled Java code, j=interpreted, Vv=VM code, C=native code)
V  [jvm.dll+0x61612a]
V  [jvm.dll+0x79c450]
V  [jvm.dll+0x79da6d]
V  [jvm.dll+0x79e143]
V  [jvm.dll+0x24cc18]
V  [jvm.dll+0xc15ac]
V  [jvm.dll+0xc12e3]
V  [jvm.dll+0x72f263]
V  [jvm.dll+0x77ae42]
V  [jvm.dll+0x368a59]
V  [jvm.dll+0x75ce8e]
V  [jvm.dll+0x3d6a33]
V  [jvm.dll+0x3d9001]
C  [jli.dll+0x536b]
C  [ucrtbase.dll+0x29333]
C  [KERNEL32.DLL+0x1257d]
C  [ntdll.dll+0x5af08]


---------------  P R O C E S S  ---------------

Threads class SMR info:
_java_thread_list=0x000001e6da597920, length=0, elements={
}

Java Threads: ( => current thread )

Other Threads:
  0x000001e6dc979800 GCTaskThread "GC Thread#0" [stack: 0x000000127c500000,0x000000127c600000] [id=12732]
  0x000001e6dc992800 ConcurrentGCThread "G1 Main Marker" [stack: 0x000000127c600000,0x000000127c700000] [id=18020]
  0x000001e6dc994000 ConcurrentGCThread "G1 Conc#0" [stack: 0x000000127c700000,0x000000127c800000] [id=16488]
  0x000001e6f4849800 ConcurrentGCThread "G1 Refine#0" [stack: 0x000000127c800000,0x000000127c900000] [id=15088]
  0x000001e6f484a800 ConcurrentGCThread "G1 Young RemSet Sampling" [stack: 0x000000127c900000,0x000000127ca00000] [id=4724]

=>0x000001e6dc960000 (exited) JavaThread "Unknown thread" [_thread_in_vm, id=19896, stack(0x000000127c400000,0x000000127c500000)]

Threads with active compile tasks:

VM state:not at safepoint (not fully initialized)

VM Mutex/Monitor currently owned by a thread: None

Heap address: 0x00000000d1200000, size: 750 MB, Compressed Oops mode: 32-bit
Narrow klass base: 0x0000000000000000, Narrow klass shift: 3
Compressed class space size: 1073741824 Address: 0x0000000100000000

GC Heap History (0 events):
No events

Deoptimization events (0 events):
No events

Classes redefined (0 events):
No events

Internal exceptions (0 events):
No events

Events (1 events):
Event: 0.011 Loaded shared library E:\programs\Idea\IntelliJ IDEA 2022.1.2\jbr\bin\zip.dll


Dynamic libraries:
0x00007ff723a70000 - 0x00007ff723a7a000 	E:\programs\Idea\IntelliJ IDEA 2022.1.2\jbr\bin\java.exe
0x00007fffd9e70000 - 0x00007fffda087000 	C:\WINDOWS\SYSTEM32\ntdll.dll
0x00007fffd7ff0000 - 0x00007fffd80b4000 	C:\WINDOWS\System32\KERNEL32.DLL
0x00007fffd7490000 - 0x00007fffd7847000 	C:\WINDOWS\System32\KERNELBASE.dll
0x00007fffd7250000 - 0x00007fffd7361000 	C:\WINDOWS\System32\ucrtbase.dll
0x00007fffcf390000 - 0x00007fffcf3a9000 	E:\programs\Idea\IntelliJ IDEA 2022.1.2\jbr\bin\jli.dll
0x00007fffcf200000 - 0x00007fffcf216000 	E:\programs\Idea\IntelliJ IDEA 2022.1.2\jbr\bin\VCRUNTIME140.dll
0x00007fffd88f0000 - 0x00007fffd8a9f000 	C:\WINDOWS\System32\USER32.dll
0x00007fffd78c0000 - 0x00007fffd78e6000 	C:\WINDOWS\System32\win32u.dll
0x00007fffc20f0000 - 0x00007fffc2383000 	C:\WINDOWS\WinSxS\amd64_microsoft.windows.common-controls_6595b64144ccf1df_6.0.22621.3672_none_2713b9d173822955\COMCTL32.dll
0x00007fffd9e00000 - 0x00007fffd9e29000 	C:\WINDOWS\System32\GDI32.dll
0x00007fffd8470000 - 0x00007fffd8517000 	C:\WINDOWS\System32\msvcrt.dll
0x00007fffd7370000 - 0x00007fffd7488000 	C:\WINDOWS\System32\gdi32full.dll
0x00007fffd7180000 - 0x00007fffd721a000 	C:\WINDOWS\System32\msvcp_win.dll
0x00007fffd9dc0000 - 0x00007fffd9df1000 	C:\WINDOWS\System32\IMM32.DLL
0x00007fff9f2c0000 - 0x00007fff9f36a000 	E:\programs\Idea\IntelliJ IDEA 2022.1.2\jbr\bin\msvcp140.dll
0x00007fff8a2a0000 - 0x00007fff8ae1b000 	E:\programs\Idea\IntelliJ IDEA 2022.1.2\jbr\bin\server\jvm.dll
0x00007fffd87a0000 - 0x00007fffd8852000 	C:\WINDOWS\System32\ADVAPI32.dll
0x00007fffd8640000 - 0x00007fffd86e8000 	C:\WINDOWS\System32\sechost.dll
0x00007fffd7220000 - 0x00007fffd7248000 	C:\WINDOWS\System32\bcrypt.dll
0x00007fffd81e0000 - 0x00007fffd82f4000 	C:\WINDOWS\System32\RPCRT4.dll
0x00007fffd9c00000 - 0x00007fffd9c08000 	C:\WINDOWS\System32\PSAPI.DLL
0x00007fffcc290000 - 0x00007fffcc29a000 	C:\WINDOWS\SYSTEM32\VERSION.dll
0x00007fffd13e0000 - 0x00007fffd1414000 	C:\WINDOWS\SYSTEM32\WINMM.dll
0x00007fffbd300000 - 0x00007fffbd309000 	C:\WINDOWS\SYSTEM32\WSOCK32.dll
0x00007fffd8160000 - 0x00007fffd81d1000 	C:\WINDOWS\System32\WS2_32.dll
0x00007fffd6170000 - 0x00007fffd6188000 	C:\WINDOWS\SYSTEM32\kernel.appcore.dll
0x00007fffd1890000 - 0x00007fffd18a1000 	E:\programs\Idea\IntelliJ IDEA 2022.1.2\jbr\bin\verify.dll
0x00007fffd4d50000 - 0x00007fffd4f82000 	C:\WINDOWS\SYSTEM32\DBGHELP.DLL
0x00007fffd8fa0000 - 0x00007fffd932e000 	C:\WINDOWS\System32\combase.dll
0x00007fffd7e60000 - 0x00007fffd7f37000 	C:\WINDOWS\System32\OLEAUT32.dll
0x00007fffcd140000 - 0x00007fffcd172000 	C:\WINDOWS\SYSTEM32\dbgcore.DLL
0x00007fffd7b20000 - 0x00007fffd7b9b000 	C:\WINDOWS\System32\bcryptPrimitives.dll
0x00007fffcdcb0000 - 0x00007fffcdcd9000 	E:\programs\Idea\IntelliJ IDEA 2022.1.2\jbr\bin\java.dll
0x00007fffd4330000 - 0x00007fffd433b000 	E:\programs\Idea\IntelliJ IDEA 2022.1.2\jbr\bin\jimage.dll
0x00007fffd1830000 - 0x00007fffd1849000 	E:\programs\Idea\IntelliJ IDEA 2022.1.2\jbr\bin\zip.dll

dbghelp: loaded successfully - version: 4.0.5 - missing functions: none
symbol engine: initialized successfully - sym options: 0x614 - pdb path: .;E:\programs\Idea\IntelliJ IDEA 2022.1.2\jbr\bin;C:\WINDOWS\SYSTEM32;C:\WINDOWS\WinSxS\amd64_microsoft.windows.common-controls_6595b64144ccf1df_6.0.22621.3672_none_2713b9d173822955;E:\programs\Idea\IntelliJ IDEA 2022.1.2\jbr\bin\server

VM Arguments:
jvm_args: -Djava.rmi.server.hostname=127.0.0.1 -Duser.timezone=UTC -Xmx750m -Xms128m -Dfile.encoding=UTF-8 
java_command: com.intellij.database.remote.RemoteJdbcServer org.postgresql.Driver
java_class_path (initial): E:\programs\Idea\IntelliJ IDEA 2022.1.2\lib\util_rt.jar;E:\programs\Idea\IntelliJ IDEA 2022.1.2\lib\util.jar;E:\programs\Idea\IntelliJ IDEA 2022.1.2\lib\groovy.jar;E:\programs\Idea\IntelliJ IDEA 2022.1.2\plugins\DatabaseTools\lib\jdbc-console.jar;C:\Users\egorz\AppData\Roaming\JetBrains\IntelliJIdea2022.1\jdbc-drivers\PostgreSQL\42.6.0\org\postgresql\postgresql\42.6.0\postgresql-42.6.0.jar;C:\Users\egorz\AppData\Roaming\JetBrains\IntelliJIdea2022.1\jdbc-drivers\PostgreSQL\42.6.0\org\checkerframework\checker-qual\3.31.0\checker-qual-3.31.0.jar;C:\Users\egorz\AppData\Roaming\JetBrains\IntelliJIdea2022.1\jdbc-drivers\PostgreSQL\42.6.0\com\github\waffle\waffle-jna\1.9.1\waffle-jna-1.9.1.jar;C:\Users\egorz\AppData\Roaming\JetBrains\IntelliJIdea2022.1\jdbc-drivers\PostgreSQL\42.6.0\net\java\dev\jna\jna\4.5.1\jna-4.5.1.jar;C:\Users\egorz\AppData\Roaming\JetBrains\IntelliJIdea2022.1\jdbc-drivers\PostgreSQL\42.6.0\net\java\dev\jna\jna-platform\4.5.1\jna-platform-4.5.1.jar;C:\Users\egorz\AppData\Roaming\JetBrains\IntelliJIdea2022.1\jdbc-drivers\PostgreSQL\42.6.0\org\slf4j\jcl-over-slf4j\1.7.25\jcl-over-slf4j-1.7.25.jar;C:\Users\egorz\AppData\Roaming\JetBrains\IntelliJIdea2022.1\jdbc-drivers\PostgreSQL\42.6.0\org\slf4j\slf4j-api\1.7.25\slf4j-api-1.7.25.jar;C:\Users\egorz\AppData\Roaming\JetBrains\IntelliJIdea2022.1\jdbc-drivers\PostgreSQL\42.6.0\com\github\ben-manes\caffeine\caffeine\2.6.2\caffeine-2.6.2.jar
Launcher Type: SUN_STANDARD

[Global flags]
     intx CICompilerCount                          = 12                                        {product} {ergonomic}
     uint ConcGCThreads                            = 3                                         {product} {ergonomic}
     uint G1ConcRefinementThreads                  = 13                                        {product} {ergonomic}
   size_t G1HeapRegionSize                         = 1048576                                   {product} {ergonomic}
    uintx GCDrainStackTargetSize                   = 64                                        {product} {ergonomic}
   size_t InitialHeapSize                          = 134217728                                 {product} {command line}
   size_t MarkStackSize                            = 4194304                                   {product} {ergonomic}
   size_t MaxHeapSize                              = 786432000                                 {product} {command line}
   size_t MaxNewSize                               = 471859200                                 {product} {ergonomic}
   size_t MinHeapDeltaBytes                        = 1048576                                   {product} {ergonomic}
    uintx NonNMethodCodeHeapSize                   = 7594288                                {pd product} {ergonomic}
    uintx NonProfiledCodeHeapSize                  = 122031976                              {pd product} {ergonomic}
    uintx ProfiledCodeHeapSize                     = 122031976                              {pd product} {ergonomic}
    uintx ReservedCodeCacheSize                    = 251658240                              {pd product} {ergonomic}
     bool SegmentedCodeCache                       = true                                      {product} {ergonomic}
     bool UseCompressedClassPointers               = true                                 {lp64_product} {ergonomic}
     bool UseCompressedOops                        = true                                 {lp64_product} {ergonomic}
     bool UseG1GC                                  = true                                      {product} {ergonomic}
     bool UseLargePagesIndividualAllocation        = false                                  {pd product} {ergonomic}

Logging:
Log output configuration:
 #0: stdout all=warning uptime,level,tags
 #1: stderr all=off uptime,level,tags

Environment Variables:
PATH=C:\Users\egorz\gcc\bin;C:\Users\egorz\gcc\libexec\gcc\x86_64-w64-mingw32\13.1.0;C:\Program Files (x86)\Common Files\Intel\Shared Libraries\redist\intel64_win\compiler;C:\Program Files (x86)\Common Files\Intel\Shared Libraries\redist\intel64\compiler;C:\Program Files (x86)\Common Files\Oracle\Java\javapath;C:\Windows\system32;C:\Windows;C:\Windows\System32\Wbem;C:\Windows\System32\WindowsPowerShell\v1.0\;C:\Windows\System32\OpenSSH\;C:\Program Files\dotnet\;e:\programs\quartus\quartus\bin;C:\WINDOWS\system32;C:\WINDOWS;C:\WINDOWS\System32\Wbem;C:\WINDOWS\System32\WindowsPowerShell\v1.0\;C:\WINDOWS\System32\OpenSSH\;C:\Program Files\nodejs\;C:\Program Files\Docker\Docker\resources\bin;C:\Program Files\Git\cmd;E:\programs\doxygen\bin;C:\Users\egorz\AppData\Local\Microsoft\WindowsApps;C:\Users\egorz\.dotnet\tools;;E:\Новая папка\idea\IntelliJ IDEA 2022.1.2\bin;;E:\programs\clion\CLion 2023.3.4\bin;;C:\Users\egorz\AppData\Roaming\npm
USERNAME=egorz
OS=Windows_NT
PROCESSOR_IDENTIFIER=AMD64 Family 23 Model 104 Stepping 1, AuthenticAMD



---------------  S Y S T E M  ---------------

OS: Windows 11 , 64 bit Build 22621 (10.0.22621.3958)
OS uptime: 3 days 5:16 hours

CPU:total 16 (initial active 16) (16 cores per cpu, 2 threads per core) family 23 model 104 stepping 1 microcode 0x0, cmov, cx8, fxsr, mmx, sse, sse2, sse3, ssse3, sse4.1, sse4.2, popcnt, avx, avx2, aes, clmul, mmxext, 3dnowpref, lzcnt, sse4a, ht, tsc, tscinvbit, tscinv, bmi1, bmi2, adx, sha, fma

Memory: 4k page, system-wide physical 15752M (1685M free)
TotalPageFile size 25640M (AvailPageFile size 5M)
current process WorkingSet (physical memory assigned to process): 17M, peak: 17M
current process commit charge ("private bytes"): 203M, peak: 204M

vm_info: OpenJDK 64-Bit Server VM (11.0.15+10-b2043.56) for windows-amd64 JRE (11.0.15+10-b2043.56), built on May 16 2022 02:28:12 by "" with MS VC++ 14.0 (VS2015)

END.
