#
# There is insufficient memory for the Java Runtime Environment to continue.
# Native memory allocation (malloc) failed to allocate 32744 bytes for ChunkPool::allocate
# Possible reasons:
#   The system is out of physical RAM or swap space
#   The process is running with CompressedOops enabled, and the Java Heap may be blocking the growth of the native heap
# Possible solutions:
#   Reduce memory load on the system
#   Increase physical memory or swap space
#   Check if swap backing store is full
#   Decrease Java heap size (-Xmx/-Xms)
#   Decrease number of Java threads
#   Decrease Java thread stack sizes (-Xss)
#   Set larger code cache with -XX:ReservedCodeCacheSize=
#   JVM is running with Unscaled Compressed Oops mode in which the Java heap is
#     placed in the first 4GB address space. The Java Heap base address is the
#     maximum limit for the native heap growth. Please use -XX:HeapBaseMinAddress
#     to set the Java Heap base and to place the Java Heap above 4GB virtual address.
# This output file may be truncated or incomplete.
#
#  Out of Memory Error (src/hotspot/share/memory/arena.cpp:81), pid=6492, tid=5044
#
# JRE version: OpenJDK Runtime Environment JBR-11.0.15.10-2043.56-jcef (11.0.15+10) (build 11.0.15+10-b2043.56)
# Java VM: OpenJDK 64-Bit Server VM JBR-11.0.15.10-2043.56-jcef (11.0.15+10-b2043.56, mixed mode, tiered, compressed oops, g1 gc, windows-amd64)
# No core dump will be written. Minidumps are not enabled by default on client versions of Windows
#

---------------  S U M M A R Y ------------

Command Line: -Djava.rmi.server.hostname=127.0.0.1 -Duser.timezone=UTC -Xmx750m -Xms128m -Dfile.encoding=UTF-8 com.intellij.database.remote.RemoteJdbcServer org.postgresql.Driver

Host: AMD Ryzen 7 5700U with Radeon Graphics         , 16 cores, 15G,  Windows 11 , 64 bit Build 22621 (10.0.22621.3958)
Time: Sat Oct 19 20:16:15 2024  Windows 11 , 64 bit Build 22621 (10.0.22621.3958) elapsed time: 0.652524 seconds (0d 0h 0m 0s)

---------------  T H R E A D  ---------------

Current thread (0x000001c524917000):  JavaThread "C2 CompilerThread1" daemon [_thread_in_native, id=5044, stack(0x000000b0cc500000,0x000000b0cc600000)]


Current CompileTask:
C2:    652  640       4       jdk.internal.org.objectweb.asm.Frame::execute (2264 bytes)

Stack: [0x000000b0cc500000,0x000000b0cc600000]
Native frames: (J=compiled Java code, j=interpreted, Vv=VM code, C=native code)
V  [jvm.dll+0x61612a]
V  [jvm.dll+0x79c450]
V  [jvm.dll+0x79da6d]
V  [jvm.dll+0x79e143]
V  [jvm.dll+0x24cc18]
V  [jvm.dll+0xc182b]
V  [jvm.dll+0xc1adc]
V  [jvm.dll+0x5aace7]
V  [jvm.dll+0x5ab55f]
V  [jvm.dll+0x5aa11e]
V  [jvm.dll+0x2051f2]
V  [jvm.dll+0x2044d7]
V  [jvm.dll+0x18b6b1]
V  [jvm.dll+0x2131bf]
V  [jvm.dll+0x211a61]
V  [jvm.dll+0x76300f]
V  [jvm.dll+0x75bc15]
V  [jvm.dll+0x614d96]
C  [ucrtbase.dll+0x29333]
C  [KERNEL32.DLL+0x1257d]
C  [ntdll.dll+0x5af08]


---------------  P R O C E S S  ---------------

Threads class SMR info:
_java_thread_list=0x000001c524911720, length=17, elements={
0x000001c50bd80000, 0x000001c523e18000, 0x000001c523e19000, 0x000001c523e36800,
0x000001c523e37800, 0x000001c523e38800, 0x000001c524792800, 0x000001c524795000,
0x000001c52479a800, 0x000001c52490b800, 0x000001c524913000, 0x000001c524917000,
0x000001c524cce000, 0x000001c524d42800, 0x000001c524d43800, 0x000001c524d46800,
0x000001c524dba000
}

Java Threads: ( => current thread )
  0x000001c50bd80000 JavaThread "main" [_thread_in_vm, id=2340, stack(0x000000b0cb300000,0x000000b0cb400000)]
  0x000001c523e18000 JavaThread "Reference Handler" daemon [_thread_blocked, id=8320, stack(0x000000b0cba00000,0x000000b0cbb00000)]
  0x000001c523e19000 JavaThread "Finalizer" daemon [_thread_blocked, id=12872, stack(0x000000b0cbb00000,0x000000b0cbc00000)]
  0x000001c523e36800 JavaThread "Signal Dispatcher" daemon [_thread_blocked, id=15044, stack(0x000000b0cbc00000,0x000000b0cbd00000)]
  0x000001c523e37800 JavaThread "Attach Listener" daemon [_thread_blocked, id=20968, stack(0x000000b0cbd00000,0x000000b0cbe00000)]
  0x000001c523e38800 JavaThread "Service Thread" daemon [_thread_blocked, id=20108, stack(0x000000b0cbe00000,0x000000b0cbf00000)]
  0x000001c524792800 JavaThread "C2 CompilerThread0" daemon [_thread_in_native, id=11248, stack(0x000000b0cbf00000,0x000000b0cc000000)]
  0x000001c524795000 JavaThread "C1 CompilerThread0" daemon [_thread_blocked, id=11192, stack(0x000000b0cc000000,0x000000b0cc100000)]
  0x000001c52479a800 JavaThread "Sweeper thread" daemon [_thread_blocked, id=16136, stack(0x000000b0cc100000,0x000000b0cc200000)]
  0x000001c52490b800 JavaThread "Common-Cleaner" daemon [_thread_blocked, id=17476, stack(0x000000b0cc300000,0x000000b0cc400000)]
  0x000001c524913000 JavaThread "C1 CompilerThread1" daemon [_thread_blocked, id=20652, stack(0x000000b0cc400000,0x000000b0cc500000)]
=>0x000001c524917000 JavaThread "C2 CompilerThread1" daemon [_thread_in_native, id=5044, stack(0x000000b0cc500000,0x000000b0cc600000)]
  0x000001c524cce000 JavaThread "RMI TCP Accept-17065" daemon [_thread_in_native, id=2472, stack(0x000000b0cc600000,0x000000b0cc700000)]
  0x000001c524d42800 JavaThread "RMI TCP Accept-0" daemon [_thread_in_native, id=20644, stack(0x000000b0cc700000,0x000000b0cc800000)]
  0x000001c524d43800 JavaThread "RMI Reaper" [_thread_blocked, id=11892, stack(0x000000b0cc800000,0x000000b0cc900000)]
  0x000001c524d46800 JavaThread "RMI GC Daemon" daemon [_thread_blocked, id=9208, stack(0x000000b0cc900000,0x000000b0cca00000)]
  0x000001c524dba000 JavaThread "C2 CompilerThread2" daemon [_thread_in_native, id=14100, stack(0x000000b0cca00000,0x000000b0ccb00000)]

Other Threads:
  0x000001c523e13800 VMThread "VM Thread" [stack: 0x000000b0cb900000,0x000000b0cba00000] [id=19852]
  0x000001c524906800 WatcherThread [stack: 0x000000b0cc200000,0x000000b0cc300000] [id=19212]
  0x000001c50bd99800 GCTaskThread "GC Thread#0" [stack: 0x000000b0cb400000,0x000000b0cb500000] [id=20200]
  0x000001c50bdb5000 ConcurrentGCThread "G1 Main Marker" [stack: 0x000000b0cb500000,0x000000b0cb600000] [id=13960]
  0x000001c50bdb6800 ConcurrentGCThread "G1 Conc#0" [stack: 0x000000b0cb600000,0x000000b0cb700000] [id=21488]
  0x000001c50be47000 ConcurrentGCThread "G1 Refine#0" [stack: 0x000000b0cb700000,0x000000b0cb800000] [id=19948]
  0x000001c523c61800 ConcurrentGCThread "G1 Young RemSet Sampling" [stack: 0x000000b0cb800000,0x000000b0cb900000] [id=5148]

Threads with active compile tasks:
C2 CompilerThread0      663  774       4       java.lang.AbstractStringBuilder::appendChars (130 bytes)
C2 CompilerThread1      663  640       4       jdk.internal.org.objectweb.asm.Frame::execute (2264 bytes)
C2 CompilerThread2      663  730       4       java.lang.AbstractStringBuilder::append (45 bytes)

VM state:not at safepoint (normal execution)

VM Mutex/Monitor currently owned by a thread: None

Heap address: 0x00000000d1200000, size: 750 MB, Compressed Oops mode: 32-bit
Narrow klass base: 0x0000000000000000, Narrow klass shift: 3
Compressed class space size: 1073741824 Address: 0x0000000100000000

Heap:
 garbage-first heap   total 131072K, used 8192K [0x00000000d1200000, 0x0000000100000000)
  region size 1024K, 10 young (10240K), 0 survivors (0K)
 Metaspace       used 9643K, capacity 10110K, committed 10368K, reserved 1058816K
  class space    used 973K, capacity 1148K, committed 1152K, reserved 1048576K
Heap Regions: E=young(eden), S=young(survivor), O=old, HS=humongous(starts), HC=humongous(continues), CS=collection set, F=free, A=archive, TAMS=top-at-mark-start (previous, next)
|   0|0x00000000d1200000, 0x00000000d1200000, 0x00000000d1300000|  0%| F|  |TAMS 0x00000000d1200000, 0x00000000d1200000| Untracked 
|   1|0x00000000d1300000, 0x00000000d1300000, 0x00000000d1400000|  0%| F|  |TAMS 0x00000000d1300000, 0x00000000d1300000| Untracked 
|   2|0x00000000d1400000, 0x00000000d1400000, 0x00000000d1500000|  0%| F|  |TAMS 0x00000000d1400000, 0x00000000d1400000| Untracked 
|   3|0x00000000d1500000, 0x00000000d1500000, 0x00000000d1600000|  0%| F|  |TAMS 0x00000000d1500000, 0x00000000d1500000| Untracked 
|   4|0x00000000d1600000, 0x00000000d1600000, 0x00000000d1700000|  0%| F|  |TAMS 0x00000000d1600000, 0x00000000d1600000| Untracked 
|   5|0x00000000d1700000, 0x00000000d1700000, 0x00000000d1800000|  0%| F|  |TAMS 0x00000000d1700000, 0x00000000d1700000| Untracked 
|   6|0x00000000d1800000, 0x00000000d1800000, 0x00000000d1900000|  0%| F|  |TAMS 0x00000000d1800000, 0x00000000d1800000| Untracked 
|   7|0x00000000d1900000, 0x00000000d1900000, 0x00000000d1a00000|  0%| F|  |TAMS 0x00000000d1900000, 0x00000000d1900000| Untracked 
|   8|0x00000000d1a00000, 0x00000000d1a00000, 0x00000000d1b00000|  0%| F|  |TAMS 0x00000000d1a00000, 0x00000000d1a00000| Untracked 
|   9|0x00000000d1b00000, 0x00000000d1b00000, 0x00000000d1c00000|  0%| F|  |TAMS 0x00000000d1b00000, 0x00000000d1b00000| Untracked 
|  10|0x00000000d1c00000, 0x00000000d1c00000, 0x00000000d1d00000|  0%| F|  |TAMS 0x00000000d1c00000, 0x00000000d1c00000| Untracked 
|  11|0x00000000d1d00000, 0x00000000d1d00000, 0x00000000d1e00000|  0%| F|  |TAMS 0x00000000d1d00000, 0x00000000d1d00000| Untracked 
|  12|0x00000000d1e00000, 0x00000000d1e00000, 0x00000000d1f00000|  0%| F|  |TAMS 0x00000000d1e00000, 0x00000000d1e00000| Untracked 
|  13|0x00000000d1f00000, 0x00000000d1f00000, 0x00000000d2000000|  0%| F|  |TAMS 0x00000000d1f00000, 0x00000000d1f00000| Untracked 
|  14|0x00000000d2000000, 0x00000000d2000000, 0x00000000d2100000|  0%| F|  |TAMS 0x00000000d2000000, 0x00000000d2000000| Untracked 
|  15|0x00000000d2100000, 0x00000000d2100000, 0x00000000d2200000|  0%| F|  |TAMS 0x00000000d2100000, 0x00000000d2100000| Untracked 
|  16|0x00000000d2200000, 0x00000000d2200000, 0x00000000d2300000|  0%| F|  |TAMS 0x00000000d2200000, 0x00000000d2200000| Untracked 
|  17|0x00000000d2300000, 0x00000000d2300000, 0x00000000d2400000|  0%| F|  |TAMS 0x00000000d2300000, 0x00000000d2300000| Untracked 
|  18|0x00000000d2400000, 0x00000000d2400000, 0x00000000d2500000|  0%| F|  |TAMS 0x00000000d2400000, 0x00000000d2400000| Untracked 
|  19|0x00000000d2500000, 0x00000000d2500000, 0x00000000d2600000|  0%| F|  |TAMS 0x00000000d2500000, 0x00000000d2500000| Untracked 
|  20|0x00000000d2600000, 0x00000000d2600000, 0x00000000d2700000|  0%| F|  |TAMS 0x00000000d2600000, 0x00000000d2600000| Untracked 
|  21|0x00000000d2700000, 0x00000000d2700000, 0x00000000d2800000|  0%| F|  |TAMS 0x00000000d2700000, 0x00000000d2700000| Untracked 
|  22|0x00000000d2800000, 0x00000000d2800000, 0x00000000d2900000|  0%| F|  |TAMS 0x00000000d2800000, 0x00000000d2800000| Untracked 
|  23|0x00000000d2900000, 0x00000000d2900000, 0x00000000d2a00000|  0%| F|  |TAMS 0x00000000d2900000, 0x00000000d2900000| Untracked 
|  24|0x00000000d2a00000, 0x00000000d2a00000, 0x00000000d2b00000|  0%| F|  |TAMS 0x00000000d2a00000, 0x00000000d2a00000| Untracked 
|  25|0x00000000d2b00000, 0x00000000d2b00000, 0x00000000d2c00000|  0%| F|  |TAMS 0x00000000d2b00000, 0x00000000d2b00000| Untracked 
|  26|0x00000000d2c00000, 0x00000000d2c00000, 0x00000000d2d00000|  0%| F|  |TAMS 0x00000000d2c00000, 0x00000000d2c00000| Untracked 
|  27|0x00000000d2d00000, 0x00000000d2d00000, 0x00000000d2e00000|  0%| F|  |TAMS 0x00000000d2d00000, 0x00000000d2d00000| Untracked 
|  28|0x00000000d2e00000, 0x00000000d2e00000, 0x00000000d2f00000|  0%| F|  |TAMS 0x00000000d2e00000, 0x00000000d2e00000| Untracked 
|  29|0x00000000d2f00000, 0x00000000d2f00000, 0x00000000d3000000|  0%| F|  |TAMS 0x00000000d2f00000, 0x00000000d2f00000| Untracked 
|  30|0x00000000d3000000, 0x00000000d3000000, 0x00000000d3100000|  0%| F|  |TAMS 0x00000000d3000000, 0x00000000d3000000| Untracked 
|  31|0x00000000d3100000, 0x00000000d3100000, 0x00000000d3200000|  0%| F|  |TAMS 0x00000000d3100000, 0x00000000d3100000| Untracked 
|  32|0x00000000d3200000, 0x00000000d3200000, 0x00000000d3300000|  0%| F|  |TAMS 0x00000000d3200000, 0x00000000d3200000| Untracked 
|  33|0x00000000d3300000, 0x00000000d3300000, 0x00000000d3400000|  0%| F|  |TAMS 0x00000000d3300000, 0x00000000d3300000| Untracked 
|  34|0x00000000d3400000, 0x00000000d3400000, 0x00000000d3500000|  0%| F|  |TAMS 0x00000000d3400000, 0x00000000d3400000| Untracked 
|  35|0x00000000d3500000, 0x00000000d3500000, 0x00000000d3600000|  0%| F|  |TAMS 0x00000000d3500000, 0x00000000d3500000| Untracked 
|  36|0x00000000d3600000, 0x00000000d3600000, 0x00000000d3700000|  0%| F|  |TAMS 0x00000000d3600000, 0x00000000d3600000| Untracked 
|  37|0x00000000d3700000, 0x00000000d3700000, 0x00000000d3800000|  0%| F|  |TAMS 0x00000000d3700000, 0x00000000d3700000| Untracked 
|  38|0x00000000d3800000, 0x00000000d3800000, 0x00000000d3900000|  0%| F|  |TAMS 0x00000000d3800000, 0x00000000d3800000| Untracked 
|  39|0x00000000d3900000, 0x00000000d3900000, 0x00000000d3a00000|  0%| F|  |TAMS 0x00000000d3900000, 0x00000000d3900000| Untracked 
|  40|0x00000000d3a00000, 0x00000000d3a00000, 0x00000000d3b00000|  0%| F|  |TAMS 0x00000000d3a00000, 0x00000000d3a00000| Untracked 
|  41|0x00000000d3b00000, 0x00000000d3b00000, 0x00000000d3c00000|  0%| F|  |TAMS 0x00000000d3b00000, 0x00000000d3b00000| Untracked 
|  42|0x00000000d3c00000, 0x00000000d3c00000, 0x00000000d3d00000|  0%| F|  |TAMS 0x00000000d3c00000, 0x00000000d3c00000| Untracked 
|  43|0x00000000d3d00000, 0x00000000d3d00000, 0x00000000d3e00000|  0%| F|  |TAMS 0x00000000d3d00000, 0x00000000d3d00000| Untracked 
|  44|0x00000000d3e00000, 0x00000000d3e00000, 0x00000000d3f00000|  0%| F|  |TAMS 0x00000000d3e00000, 0x00000000d3e00000| Untracked 
|  45|0x00000000d3f00000, 0x00000000d3f00000, 0x00000000d4000000|  0%| F|  |TAMS 0x00000000d3f00000, 0x00000000d3f00000| Untracked 
|  46|0x00000000d4000000, 0x00000000d4000000, 0x00000000d4100000|  0%| F|  |TAMS 0x00000000d4000000, 0x00000000d4000000| Untracked 
|  47|0x00000000d4100000, 0x00000000d4100000, 0x00000000d4200000|  0%| F|  |TAMS 0x00000000d4100000, 0x00000000d4100000| Untracked 
|  48|0x00000000d4200000, 0x00000000d4200000, 0x00000000d4300000|  0%| F|  |TAMS 0x00000000d4200000, 0x00000000d4200000| Untracked 
|  49|0x00000000d4300000, 0x00000000d4300000, 0x00000000d4400000|  0%| F|  |TAMS 0x00000000d4300000, 0x00000000d4300000| Untracked 
|  50|0x00000000d4400000, 0x00000000d4400000, 0x00000000d4500000|  0%| F|  |TAMS 0x00000000d4400000, 0x00000000d4400000| Untracked 
|  51|0x00000000d4500000, 0x00000000d4500000, 0x00000000d4600000|  0%| F|  |TAMS 0x00000000d4500000, 0x00000000d4500000| Untracked 
|  52|0x00000000d4600000, 0x00000000d4600000, 0x00000000d4700000|  0%| F|  |TAMS 0x00000000d4600000, 0x00000000d4600000| Untracked 
|  53|0x00000000d4700000, 0x00000000d4700000, 0x00000000d4800000|  0%| F|  |TAMS 0x00000000d4700000, 0x00000000d4700000| Untracked 
|  54|0x00000000d4800000, 0x00000000d4800000, 0x00000000d4900000|  0%| F|  |TAMS 0x00000000d4800000, 0x00000000d4800000| Untracked 
|  55|0x00000000d4900000, 0x00000000d4900000, 0x00000000d4a00000|  0%| F|  |TAMS 0x00000000d4900000, 0x00000000d4900000| Untracked 
|  56|0x00000000d4a00000, 0x00000000d4a00000, 0x00000000d4b00000|  0%| F|  |TAMS 0x00000000d4a00000, 0x00000000d4a00000| Untracked 
|  57|0x00000000d4b00000, 0x00000000d4b00000, 0x00000000d4c00000|  0%| F|  |TAMS 0x00000000d4b00000, 0x00000000d4b00000| Untracked 
|  58|0x00000000d4c00000, 0x00000000d4c00000, 0x00000000d4d00000|  0%| F|  |TAMS 0x00000000d4c00000, 0x00000000d4c00000| Untracked 
|  59|0x00000000d4d00000, 0x00000000d4d00000, 0x00000000d4e00000|  0%| F|  |TAMS 0x00000000d4d00000, 0x00000000d4d00000| Untracked 
|  60|0x00000000d4e00000, 0x00000000d4e00000, 0x00000000d4f00000|  0%| F|  |TAMS 0x00000000d4e00000, 0x00000000d4e00000| Untracked 
|  61|0x00000000d4f00000, 0x00000000d4f00000, 0x00000000d5000000|  0%| F|  |TAMS 0x00000000d4f00000, 0x00000000d4f00000| Untracked 
|  62|0x00000000d5000000, 0x00000000d5000000, 0x00000000d5100000|  0%| F|  |TAMS 0x00000000d5000000, 0x00000000d5000000| Untracked 
|  63|0x00000000d5100000, 0x00000000d5100000, 0x00000000d5200000|  0%| F|  |TAMS 0x00000000d5100000, 0x00000000d5100000| Untracked 
|  64|0x00000000d5200000, 0x00000000d5200000, 0x00000000d5300000|  0%| F|  |TAMS 0x00000000d5200000, 0x00000000d5200000| Untracked 
|  65|0x00000000d5300000, 0x00000000d5300000, 0x00000000d5400000|  0%| F|  |TAMS 0x00000000d5300000, 0x00000000d5300000| Untracked 
|  66|0x00000000d5400000, 0x00000000d5400000, 0x00000000d5500000|  0%| F|  |TAMS 0x00000000d5400000, 0x00000000d5400000| Untracked 
|  67|0x00000000d5500000, 0x00000000d5500000, 0x00000000d5600000|  0%| F|  |TAMS 0x00000000d5500000, 0x00000000d5500000| Untracked 
|  68|0x00000000d5600000, 0x00000000d5600000, 0x00000000d5700000|  0%| F|  |TAMS 0x00000000d5600000, 0x00000000d5600000| Untracked 
|  69|0x00000000d5700000, 0x00000000d5700000, 0x00000000d5800000|  0%| F|  |TAMS 0x00000000d5700000, 0x00000000d5700000| Untracked 
|  70|0x00000000d5800000, 0x00000000d5800000, 0x00000000d5900000|  0%| F|  |TAMS 0x00000000d5800000, 0x00000000d5800000| Untracked 
|  71|0x00000000d5900000, 0x00000000d5900000, 0x00000000d5a00000|  0%| F|  |TAMS 0x00000000d5900000, 0x00000000d5900000| Untracked 
|  72|0x00000000d5a00000, 0x00000000d5a00000, 0x00000000d5b00000|  0%| F|  |TAMS 0x00000000d5a00000, 0x00000000d5a00000| Untracked 
|  73|0x00000000d5b00000, 0x00000000d5b00000, 0x00000000d5c00000|  0%| F|  |TAMS 0x00000000d5b00000, 0x00000000d5b00000| Untracked 
|  74|0x00000000d5c00000, 0x00000000d5c00000, 0x00000000d5d00000|  0%| F|  |TAMS 0x00000000d5c00000, 0x00000000d5c00000| Untracked 
|  75|0x00000000d5d00000, 0x00000000d5d00000, 0x00000000d5e00000|  0%| F|  |TAMS 0x00000000d5d00000, 0x00000000d5d00000| Untracked 
|  76|0x00000000d5e00000, 0x00000000d5e00000, 0x00000000d5f00000|  0%| F|  |TAMS 0x00000000d5e00000, 0x00000000d5e00000| Untracked 
|  77|0x00000000d5f00000, 0x00000000d5f00000, 0x00000000d6000000|  0%| F|  |TAMS 0x00000000d5f00000, 0x00000000d5f00000| Untracked 
|  78|0x00000000d6000000, 0x00000000d6000000, 0x00000000d6100000|  0%| F|  |TAMS 0x00000000d6000000, 0x00000000d6000000| Untracked 
|  79|0x00000000d6100000, 0x00000000d6100000, 0x00000000d6200000|  0%| F|  |TAMS 0x00000000d6100000, 0x00000000d6100000| Untracked 
|  80|0x00000000d6200000, 0x00000000d6200000, 0x00000000d6300000|  0%| F|  |TAMS 0x00000000d6200000, 0x00000000d6200000| Untracked 
|  81|0x00000000d6300000, 0x00000000d6300000, 0x00000000d6400000|  0%| F|  |TAMS 0x00000000d6300000, 0x00000000d6300000| Untracked 
|  82|0x00000000d6400000, 0x00000000d6400000, 0x00000000d6500000|  0%| F|  |TAMS 0x00000000d6400000, 0x00000000d6400000| Untracked 
|  83|0x00000000d6500000, 0x00000000d6500000, 0x00000000d6600000|  0%| F|  |TAMS 0x00000000d6500000, 0x00000000d6500000| Untracked 
|  84|0x00000000d6600000, 0x00000000d6600000, 0x00000000d6700000|  0%| F|  |TAMS 0x00000000d6600000, 0x00000000d6600000| Untracked 
|  85|0x00000000d6700000, 0x00000000d6700000, 0x00000000d6800000|  0%| F|  |TAMS 0x00000000d6700000, 0x00000000d6700000| Untracked 
|  86|0x00000000d6800000, 0x00000000d6800000, 0x00000000d6900000|  0%| F|  |TAMS 0x00000000d6800000, 0x00000000d6800000| Untracked 
|  87|0x00000000d6900000, 0x00000000d6900000, 0x00000000d6a00000|  0%| F|  |TAMS 0x00000000d6900000, 0x00000000d6900000| Untracked 
|  88|0x00000000d6a00000, 0x00000000d6a00000, 0x00000000d6b00000|  0%| F|  |TAMS 0x00000000d6a00000, 0x00000000d6a00000| Untracked 
|  89|0x00000000d6b00000, 0x00000000d6b00000, 0x00000000d6c00000|  0%| F|  |TAMS 0x00000000d6b00000, 0x00000000d6b00000| Untracked 
|  90|0x00000000d6c00000, 0x00000000d6c00000, 0x00000000d6d00000|  0%| F|  |TAMS 0x00000000d6c00000, 0x00000000d6c00000| Untracked 
|  91|0x00000000d6d00000, 0x00000000d6d00000, 0x00000000d6e00000|  0%| F|  |TAMS 0x00000000d6d00000, 0x00000000d6d00000| Untracked 
|  92|0x00000000d6e00000, 0x00000000d6e00000, 0x00000000d6f00000|  0%| F|  |TAMS 0x00000000d6e00000, 0x00000000d6e00000| Untracked 
|  93|0x00000000d6f00000, 0x00000000d6f00000, 0x00000000d7000000|  0%| F|  |TAMS 0x00000000d6f00000, 0x00000000d6f00000| Untracked 
|  94|0x00000000d7000000, 0x00000000d7000000, 0x00000000d7100000|  0%| F|  |TAMS 0x00000000d7000000, 0x00000000d7000000| Untracked 
|  95|0x00000000d7100000, 0x00000000d7100000, 0x00000000d7200000|  0%| F|  |TAMS 0x00000000d7100000, 0x00000000d7100000| Untracked 
|  96|0x00000000d7200000, 0x00000000d7200000, 0x00000000d7300000|  0%| F|  |TAMS 0x00000000d7200000, 0x00000000d7200000| Untracked 
|  97|0x00000000d7300000, 0x00000000d7300000, 0x00000000d7400000|  0%| F|  |TAMS 0x00000000d7300000, 0x00000000d7300000| Untracked 
|  98|0x00000000d7400000, 0x00000000d7400000, 0x00000000d7500000|  0%| F|  |TAMS 0x00000000d7400000, 0x00000000d7400000| Untracked 
|  99|0x00000000d7500000, 0x00000000d7500000, 0x00000000d7600000|  0%| F|  |TAMS 0x00000000d7500000, 0x00000000d7500000| Untracked 
| 100|0x00000000d7600000, 0x00000000d7600000, 0x00000000d7700000|  0%| F|  |TAMS 0x00000000d7600000, 0x00000000d7600000| Untracked 
| 101|0x00000000d7700000, 0x00000000d7700000, 0x00000000d7800000|  0%| F|  |TAMS 0x00000000d7700000, 0x00000000d7700000| Untracked 
| 102|0x00000000d7800000, 0x00000000d7800000, 0x00000000d7900000|  0%| F|  |TAMS 0x00000000d7800000, 0x00000000d7800000| Untracked 
| 103|0x00000000d7900000, 0x00000000d7900000, 0x00000000d7a00000|  0%| F|  |TAMS 0x00000000d7900000, 0x00000000d7900000| Untracked 
| 104|0x00000000d7a00000, 0x00000000d7a00000, 0x00000000d7b00000|  0%| F|  |TAMS 0x00000000d7a00000, 0x00000000d7a00000| Untracked 
| 105|0x00000000d7b00000, 0x00000000d7b00000, 0x00000000d7c00000|  0%| F|  |TAMS 0x00000000d7b00000, 0x00000000d7b00000| Untracked 
| 106|0x00000000d7c00000, 0x00000000d7c00000, 0x00000000d7d00000|  0%| F|  |TAMS 0x00000000d7c00000, 0x00000000d7c00000| Untracked 
| 107|0x00000000d7d00000, 0x00000000d7d00000, 0x00000000d7e00000|  0%| F|  |TAMS 0x00000000d7d00000, 0x00000000d7d00000| Untracked 
| 108|0x00000000d7e00000, 0x00000000d7e00000, 0x00000000d7f00000|  0%| F|  |TAMS 0x00000000d7e00000, 0x00000000d7e00000| Untracked 
| 109|0x00000000d7f00000, 0x00000000d7f00000, 0x00000000d8000000|  0%| F|  |TAMS 0x00000000d7f00000, 0x00000000d7f00000| Untracked 
| 110|0x00000000d8000000, 0x00000000d8000000, 0x00000000d8100000|  0%| F|  |TAMS 0x00000000d8000000, 0x00000000d8000000| Untracked 
| 111|0x00000000d8100000, 0x00000000d8100000, 0x00000000d8200000|  0%| F|  |TAMS 0x00000000d8100000, 0x00000000d8100000| Untracked 
| 112|0x00000000d8200000, 0x00000000d8200000, 0x00000000d8300000|  0%| F|  |TAMS 0x00000000d8200000, 0x00000000d8200000| Untracked 
| 113|0x00000000d8300000, 0x00000000d8300000, 0x00000000d8400000|  0%| F|  |TAMS 0x00000000d8300000, 0x00000000d8300000| Untracked 
| 114|0x00000000d8400000, 0x00000000d8400000, 0x00000000d8500000|  0%| F|  |TAMS 0x00000000d8400000, 0x00000000d8400000| Untracked 
| 115|0x00000000d8500000, 0x00000000d8500000, 0x00000000d8600000|  0%| F|  |TAMS 0x00000000d8500000, 0x00000000d8500000| Untracked 
| 116|0x00000000d8600000, 0x00000000d8600000, 0x00000000d8700000|  0%| F|  |TAMS 0x00000000d8600000, 0x00000000d8600000| Untracked 
| 117|0x00000000d8700000, 0x00000000d8700000, 0x00000000d8800000|  0%| F|  |TAMS 0x00000000d8700000, 0x00000000d8700000| Untracked 
| 118|0x00000000d8800000, 0x00000000d8900000, 0x00000000d8900000|100%| E|  |TAMS 0x00000000d8800000, 0x00000000d8800000| Complete 
| 119|0x00000000d8900000, 0x00000000d8a00000, 0x00000000d8a00000|100%| E|CS|TAMS 0x00000000d8900000, 0x00000000d8900000| Complete 
| 120|0x00000000d8a00000, 0x00000000d8b00000, 0x00000000d8b00000|100%| E|CS|TAMS 0x00000000d8a00000, 0x00000000d8a00000| Complete 
| 121|0x00000000d8b00000, 0x00000000d8c00000, 0x00000000d8c00000|100%| E|CS|TAMS 0x00000000d8b00000, 0x00000000d8b00000| Complete 
| 122|0x00000000d8c00000, 0x00000000d8d00000, 0x00000000d8d00000|100%| E|CS|TAMS 0x00000000d8c00000, 0x00000000d8c00000| Complete 
| 123|0x00000000d8d00000, 0x00000000d8e00000, 0x00000000d8e00000|100%| E|CS|TAMS 0x00000000d8d00000, 0x00000000d8d00000| Complete 
| 124|0x00000000d8e00000, 0x00000000d8f00000, 0x00000000d8f00000|100%| E|CS|TAMS 0x00000000d8e00000, 0x00000000d8e00000| Complete 
| 125|0x00000000d8f00000, 0x00000000d9000000, 0x00000000d9000000|100%| E|CS|TAMS 0x00000000d8f00000, 0x00000000d8f00000| Complete 
| 126|0x00000000d9000000, 0x00000000d9100000, 0x00000000d9100000|100%| E|  |TAMS 0x00000000d9000000, 0x00000000d9000000| Complete 
| 127|0x00000000d9100000, 0x00000000d9200000, 0x00000000d9200000|100%| E|CS|TAMS 0x00000000d9100000, 0x00000000d9100000| Complete 

Card table byte_map: [0x000001c51f3f0000,0x000001c51f570000] _byte_map_base: 0x000001c51ed67000

Marking Bits (Prev, Next): (CMBitMap*) 0x000001c50bdb1318, (CMBitMap*) 0x000001c50bdb1350
 Prev Bits: [0x000001c51f6f0000, 0x000001c5202a8000)
 Next Bits: [0x000001c5202b0000, 0x000001c520e68000)

Polling page: 0x000001c50b550000

Metaspace:

Usage:
  Non-class:      8.76 MB capacity,     8.50 MB ( 97%) used,   232.87 KB (  3%) free+waste,    34.56 KB ( <1%) overhead. 
      Class:      1.13 MB capacity,   978.34 KB ( 85%) used,   156.28 KB ( 14%) free+waste,    18.38 KB (  2%) overhead. 
       Both:      9.89 MB capacity,     9.45 MB ( 96%) used,   389.15 KB (  4%) free+waste,    52.94 KB ( <1%) overhead. 

Virtual space:
  Non-class space:       10.00 MB reserved,       9.00 MB ( 90%) committed 
      Class space:        1.00 GB reserved,       1.25 MB ( <1%) committed 
             Both:        1.01 GB reserved,      10.25 MB ( <1%) committed 

Chunk freelists:
   Non-Class:  0 bytes
       Class:  0 bytes
        Both:  0 bytes

MaxMetaspaceSize: 17179869184.00 GB
CompressedClassSpaceSize: 1.00 GB
Initial GC threshold: 20.80 MB
Current GC threshold: 20.80 MB
CDS: off

CodeHeap 'non-profiled nmethods': size=119168Kb used=271Kb max_used=271Kb free=118896Kb
 bounds [0x000001c517580000, 0x000001c5177f0000, 0x000001c51e9e0000]
CodeHeap 'profiled nmethods': size=119168Kb used=1245Kb max_used=1245Kb free=117922Kb
 bounds [0x000001c510120000, 0x000001c510390000, 0x000001c517580000]
CodeHeap 'non-nmethods': size=7424Kb used=1720Kb max_used=1732Kb free=5704Kb
 bounds [0x000001c50f9e0000, 0x000001c50fc50000, 0x000001c510120000]
 total_blobs=1221 nmethods=801 adapters=332
 compilation: enabled
              stopped_count=0, restarted_count=0
 full_count=0

Compilation events (20 events):
Event: 0.631 Thread 0x000001c524795000 nmethod 749 0x000001c510237f90 code [0x000001c510238140, 0x000001c510238318]
Event: 0.631 Thread 0x000001c524795000  750   !   3       java.util.concurrent.ConcurrentHashMap::computeIfAbsent (576 bytes)
Event: 0.632 Thread 0x000001c524913000 nmethod 748 0x000001c510238410 code [0x000001c510238620, 0x000001c510238c88]
Event: 0.632 Thread 0x000001c524913000  751       3       java.lang.invoke.BoundMethodHandle::editor (8 bytes)
Event: 0.632 Thread 0x000001c524913000 nmethod 751 0x000001c510238f10 code [0x000001c510239100, 0x000001c510239488]
Event: 0.633 Thread 0x000001c524913000  753       3       java.lang.invoke.ClassSpecializer$SpeciesData::transformHelper (56 bytes)
Event: 0.634 Thread 0x000001c524913000 nmethod 753 0x000001c51023d890 code [0x000001c51023dac0, 0x000001c51023e3b8]
Event: 0.635 Thread 0x000001c524795000 nmethod 750 0x000001c510239610 code [0x000001c510239a80, 0x000001c51023c6a8]
Event: 0.635 Thread 0x000001c524792800 nmethod 729 0x000001c5175b9410 code [0x000001c5175b95c0, 0x000001c5175b9be8]
Event: 0.635 Thread 0x000001c524792800  752       4       jdk.internal.org.objectweb.asm.Type::getType (269 bytes)
Event: 0.635 Thread 0x000001c524913000  754       3       java.lang.invoke.LambdaFormBuffer::insertName (106 bytes)
Event: 0.636 Thread 0x000001c524913000 nmethod 754 0x000001c51023e610 code [0x000001c51023e7e0, 0x000001c51023e9f8]
Event: 0.639 Thread 0x000001c524795000  755       3       java.lang.invoke.InvokerBytecodeGenerator::generateCustomizedCode (33 bytes)
Event: 0.639 Thread 0x000001c524913000  756       3       java.lang.invoke.InvokerBytecodeGenerator::lookupPregenerated (292 bytes)
Event: 0.641 Thread 0x000001c524792800 nmethod 752 0x000001c5175b9f90 code [0x000001c5175ba140, 0x000001c5175ba3f8]
Event: 0.641 Thread 0x000001c524792800  723       4       jdk.internal.org.objectweb.asm.MethodWriter::visitVarInsn (300 bytes)
Event: 0.641 Thread 0x000001c524795000 nmethod 755 0x000001c51023eb10 code [0x000001c51023ede0, 0x000001c51023f6f8]
Event: 0.642 Thread 0x000001c524913000 nmethod 756 0x000001c51023fb90 code [0x000001c51023ff60, 0x000001c510241948]
Event: 0.647 Thread 0x000001c524795000  760       3       jdk.internal.org.objectweb.asm.MethodWriter::visitMaxs (1144 bytes)
Event: 0.647 Thread 0x000001c524913000  763       3       jdk.internal.org.objectweb.asm.MethodWriter::put (1602 bytes)

GC Heap History (0 events):
No events

Deoptimization events (8 events):
Event: 0.097 Thread 0x000001c50bd80000 Uncommon trap: trap_request=0xffffff4d fr.pc=0x000001c5175840a0 relative=0x0000000000000180
Event: 0.097 Thread 0x000001c50bd80000 Uncommon trap: reason=unstable_if action=reinterpret pc=0x000001c5175840a0 method=java.lang.String.hashCode()I @ 14 c2
Event: 0.097 Thread 0x000001c50bd80000 DEOPT PACKING pc=0x000001c5175840a0 sp=0x000000b0cb3fd8f0
Event: 0.097 Thread 0x000001c50bd80000 DEOPT UNPACKING pc=0x000001c50fa2a1af sp=0x000000b0cb3fd888 mode 2
Event: 0.157 Thread 0x000001c50bd80000 Uncommon trap: trap_request=0xffffff4d fr.pc=0x000001c5175868e8 relative=0x0000000000000148
Event: 0.157 Thread 0x000001c50bd80000 Uncommon trap: reason=unstable_if action=reinterpret pc=0x000001c5175868e8 method=java.util.zip.ZipFile$Source.isMetaName([BII)Z @ 15 c2
Event: 0.157 Thread 0x000001c50bd80000 DEOPT PACKING pc=0x000001c5175868e8 sp=0x000000b0cb3fad00
Event: 0.157 Thread 0x000001c50bd80000 DEOPT UNPACKING pc=0x000001c50fa2a1af sp=0x000000b0cb3faca8 mode 2

Classes redefined (0 events):
No events

Internal exceptions (17 events):
Event: 0.241 Thread 0x000001c50bd80000 Exception <a 'java/lang/NoSuchMethodError'{0x00000000d8d39580}: 'java.lang.Object java.lang.invoke.DirectMethodHandle$Holder.invokeStaticInit(java.lang.Object, int, int, int, int)'> (0x00000000d8d39580) thrown at [src/hotspot/share/interpreter/linkResolver.cpp, line 773]
Event: 0.485 Thread 0x000001c50bd80000 Exception <a 'java/lang/NoSuchMethodError'{0x00000000d8d77c50}: 'java.lang.Object java.lang.invoke.DirectMethodHandle$Holder.invokeStaticInit(java.lang.Object, java.lang.Object, int, int, int, int)'> (0x00000000d8d77c50) thrown at [src/hotspot/share/interpreter/linkResolver.cpp, line 773]
Event: 0.562 Thread 0x000001c50bd80000 Exception <a 'java/lang/NoSuchMethodError'{0x00000000d8ba5948}: 'java.lang.Object java.lang.invoke.DirectMethodHandle$Holder.invokeStatic(java.lang.Object, java.lang.Object, java.lang.Object, java.lang.Object, java.lang.Object, java.lang.Object, java.lang.Object, java.lang.Object, java.lang.Object, java.lang.Object, java.lang.Object, java.lang.Object, java.lang.Object, int)'> (0x00000000d8ba5948) thrown at [src/hotspot/share/interpreter/linkResolver.cpp, line 773]
Event: 0.564 Thread 0x000001c50bd80000 Exception <a 'java/lang/NoSuchMethodError'{0x00000000d8bb1e88}: 'java.lang.Object java.lang.invoke.DirectMethodHandle$Holder.invokeStatic(java.lang.Object, java.lang.Object, java.lang.Object, java.lang.Object, java.lang.Object, java.lang.Object, java.lang.Object, java.lang.Object, java.lang.Object, java.lang.Object, java.lang.Object, java.lang.Object, java.lang.Object, int, int)'> (0x00000000d8bb1e88) thrown at [src/hotspot/share/interpreter/linkResolver.cpp, line 773]
Event: 0.566 Thread 0x000001c50bd80000 Exception <a 'java/lang/NoSuchMethodError'{0x00000000d8bbe5f8}: 'java.lang.Object java.lang.invoke.DirectMethodHandle$Holder.invokeStatic(java.lang.Object, java.lang.Object, java.lang.Object, java.lang.Object, java.lang.Object, java.lang.Object, java.lang.Object, java.lang.Object, java.lang.Object, java.lang.Object, java.lang.Object, java.lang.Object, java.lang.Object, int, int, java.lang.Object)'> (0x00000000d8bbe5f8) thrown at [src/hotspot/share/interpreter/linkResolver.cpp, line 773]
Event: 0.581 Thread 0x000001c50bd80000 Exception <a 'java/lang/NoSuchMethodError'{0x00000000d8a264f0}: 'java.lang.Object java.lang.invoke.DirectMethodHandle$Holder.invokeStatic(java.lang.Object, java.lang.Object, java.lang.Object, java.lang.Object, java.lang.Object, java.lang.Object, java.lang.Object, java.lang.Object, java.lang.Object, java.lang.Object, java.lang.Object, java.lang.Object, java.lang.Object, java.lang.Object, java.lang.Object)'> (0x00000000d8a264f0) thrown at [src/hotspot/share/interpreter/linkResolver.cpp, line 773]
Event: 0.583 Thread 0x000001c50bd80000 Exception <a 'java/lang/NoSuchMethodError'{0x00000000d8a340a8}: 'java.lang.Object java.lang.invoke.DirectMethodHandle$Holder.invokeStatic(java.lang.Object, java.lang.Object, java.lang.Object, java.lang.Object, java.lang.Object, java.lang.Object, java.lang.Object, java.lang.Object, java.lang.Object, java.lang.Object, java.lang.Object, java.lang.Object, java.lang.Object, java.lang.Object, java.lang.Object, java.lang.Object)'> (0x00000000d8a340a8) thrown at [src/hotspot/share/interpreter/linkResolver.cpp, lin
Event: 0.584 Thread 0x000001c50bd80000 Exception <a 'java/lang/NoSuchMethodError'{0x00000000d8a41dd8}: 'java.lang.Object java.lang.invoke.DirectMethodHandle$Holder.invokeSpecial(java.lang.Object, java.lang.Object, int, int, java.lang.Object, java.lang.Object, java.lang.Object)'> (0x00000000d8a41dd8) thrown at [src/hotspot/share/interpreter/linkResolver.cpp, line 773]
Event: 0.584 Thread 0x000001c50bd80000 Exception <a 'java/lang/NoSuchMethodError'{0x00000000d8a45368}: 'java.lang.Object java.lang.invoke.DelegatingMethodHandle$Holder.reinvoke_L(java.lang.Object, int, int, java.lang.Object, java.lang.Object, java.lang.Object)'> (0x00000000d8a45368) thrown at [src/hotspot/share/interpreter/linkResolver.cpp, line 773]
Event: 0.586 Thread 0x000001c50bd80000 Exception <a 'java/lang/NoSuchMethodError'{0x00000000d8a535e0}: 'java.lang.Object java.lang.invoke.DirectMethodHandle$Holder.invokeStatic(java.lang.Object, java.lang.Object, java.lang.Object, java.lang.Object, java.lang.Object, java.lang.Object, int)'> (0x00000000d8a535e0) thrown at [src/hotspot/share/interpreter/linkResolver.cpp, line 773]
Event: 0.609 Thread 0x000001c50bd80000 Exception <a 'java/lang/NoSuchMethodError'{0x00000000d89282f8}: 'java.lang.Object java.lang.invoke.DirectMethodHandle$Holder.invokeSpecial(java.lang.Object, java.lang.Object, int, int, java.lang.Object, int, java.lang.Object, java.lang.Object)'> (0x00000000d89282f8) thrown at [src/hotspot/share/interpreter/linkResolver.cpp, line 773]
Event: 0.609 Thread 0x000001c50bd80000 Exception <a 'java/lang/NoSuchMethodError'{0x00000000d892b938}: 'java.lang.Object java.lang.invoke.DelegatingMethodHandle$Holder.reinvoke_L(java.lang.Object, int, int, java.lang.Object, int, java.lang.Object, java.lang.Object)'> (0x00000000d892b938) thrown at [src/hotspot/share/interpreter/linkResolver.cpp, line 773]
Event: 0.615 Thread 0x000001c50bd80000 Exception <a 'java/lang/NoSuchMethodError'{0x00000000d8955bd0}: 'java.lang.Object java.lang.invoke.DirectMethodHandle$Holder.invokeStatic(java.lang.Object, java.lang.Object, java.lang.Object, java.lang.Object, java.lang.Object, java.lang.Object, java.lang.Object, java.lang.Object, int)'> (0x00000000d8955bd0) thrown at [src/hotspot/share/interpreter/linkResolver.cpp, line 773]
Event: 0.617 Thread 0x000001c50bd80000 Exception <a 'java/lang/NoSuchMethodError'{0x00000000d8970108}: 'java.lang.Object java.lang.invoke.DirectMethodHandle$Holder.invokeStatic(java.lang.Object, java.lang.Object, java.lang.Object, java.lang.Object, java.lang.Object, java.lang.Object, java.lang.Object, java.lang.Object, int, int)'> (0x00000000d8970108) thrown at [src/hotspot/share/interpreter/linkResolver.cpp, line 773]
Event: 0.621 Thread 0x000001c50bd80000 Exception <a 'java/lang/NoSuchMethodError'{0x00000000d898bb80}: 'java.lang.Object java.lang.invoke.DirectMethodHandle$Holder.invokeStatic(java.lang.Object, java.lang.Object, java.lang.Object, java.lang.Object, java.lang.Object, java.lang.Object, java.lang.Object, java.lang.Object, int, int, java.lang.Object)'> (0x00000000d898bb80) thrown at [src/hotspot/share/interpreter/linkResolver.cpp, line 773]
Event: 0.623 Thread 0x000001c50bd80000 Exception <a 'java/lang/NoSuchMethodError'{0x00000000d89a8410}: 'java.lang.Object java.lang.invoke.DirectMethodHandle$Holder.invokeStatic(java.lang.Object, java.lang.Object, java.lang.Object, java.lang.Object, java.lang.Object, java.lang.Object, java.lang.Object, java.lang.Object, int, int, java.lang.Object, java.lang.Object)'> (0x00000000d89a8410) thrown at [src/hotspot/share/interpreter/linkResolver.cpp, line 773]
Event: 0.644 Thread 0x000001c50bd80000 Exception <a 'java/lang/NoSuchMethodError'{0x00000000d882cc90}: 'java.lang.Object java.lang.invoke.DirectMethodHandle$Holder.invokeStatic(java.lang.Object, java.lang.Object, java.lang.Object, java.lang.Object, int)'> (0x00000000d882cc90) thrown at [src/hotspot/share/interpreter/linkResolver.cpp, line 773]

Events (20 events):
Event: 0.588 loading class java/lang/invoke/BoundMethodHandle$Species_LLLIIL done
Event: 0.591 loading class java/lang/invoke/BoundMethodHandle$Species_LLLIILL
Event: 0.591 loading class java/lang/invoke/BoundMethodHandle$Species_LLLIILL done
Event: 0.595 loading class java/lang/invoke/BoundMethodHandle$Species_LLLIILLL
Event: 0.595 loading class java/lang/invoke/BoundMethodHandle$Species_LLLIILLL done
Event: 0.602 Thread 0x000001c524dba000 Thread added: 0x000001c524dba000
Event: 0.614 loading class java/lang/invoke/BoundMethodHandle$Species_LLLLLI
Event: 0.614 loading class java/lang/invoke/BoundMethodHandle$Species_LLLLLI done
Event: 0.616 loading class java/lang/invoke/BoundMethodHandle$Species_LLLLLII
Event: 0.616 loading class java/lang/invoke/BoundMethodHandle$Species_LLLLLII done
Event: 0.619 loading class java/lang/invoke/BoundMethodHandle$Species_LLLLLIIL
Event: 0.619 loading class java/lang/invoke/BoundMethodHandle$Species_LLLLLIIL done
Event: 0.622 loading class java/lang/invoke/BoundMethodHandle$Species_LLLLLIILL
Event: 0.622 loading class java/lang/invoke/BoundMethodHandle$Species_LLLLLIILL done
Event: 0.624 loading class java/lang/invoke/BoundMethodHandle$Species_LLLLLIILLL
Event: 0.624 loading class java/lang/invoke/BoundMethodHandle$Species_LLLLLIILLL done
Event: 0.643 loading class java/lang/invoke/BoundMethodHandle$Species_LI
Event: 0.644 loading class java/lang/invoke/BoundMethodHandle$Species_LI done
Event: 0.646 loading class java/lang/invoke/BoundMethodHandle$Species_LII
Event: 0.646 loading class java/lang/invoke/BoundMethodHandle$Species_LII done


Dynamic libraries:
0x00007ff723a70000 - 0x00007ff723a7a000 	E:\programs\Idea\IntelliJ IDEA 2022.1.2\jbr\bin\java.exe
0x00007fffd9e70000 - 0x00007fffda087000 	C:\WINDOWS\SYSTEM32\ntdll.dll
0x00007fffd7ff0000 - 0x00007fffd80b4000 	C:\WINDOWS\System32\KERNEL32.DLL
0x00007fffd7490000 - 0x00007fffd7847000 	C:\WINDOWS\System32\KERNELBASE.dll
0x00007fffd7250000 - 0x00007fffd7361000 	C:\WINDOWS\System32\ucrtbase.dll
0x00007fffcf390000 - 0x00007fffcf3a9000 	E:\programs\Idea\IntelliJ IDEA 2022.1.2\jbr\bin\jli.dll
0x00007fffcf200000 - 0x00007fffcf216000 	E:\programs\Idea\IntelliJ IDEA 2022.1.2\jbr\bin\VCRUNTIME140.dll
0x00007fffd88f0000 - 0x00007fffd8a9f000 	C:\WINDOWS\System32\USER32.dll
0x00007fffc20f0000 - 0x00007fffc2383000 	C:\WINDOWS\WinSxS\amd64_microsoft.windows.common-controls_6595b64144ccf1df_6.0.22621.3672_none_2713b9d173822955\COMCTL32.dll
0x00007fffd78c0000 - 0x00007fffd78e6000 	C:\WINDOWS\System32\win32u.dll
0x00007fffd9e00000 - 0x00007fffd9e29000 	C:\WINDOWS\System32\GDI32.dll
0x00007fffd8470000 - 0x00007fffd8517000 	C:\WINDOWS\System32\msvcrt.dll
0x00007fffd7370000 - 0x00007fffd7488000 	C:\WINDOWS\System32\gdi32full.dll
0x00007fffd7180000 - 0x00007fffd721a000 	C:\WINDOWS\System32\msvcp_win.dll
0x00007fffd9dc0000 - 0x00007fffd9df1000 	C:\WINDOWS\System32\IMM32.DLL
0x00007fff9f2c0000 - 0x00007fff9f36a000 	E:\programs\Idea\IntelliJ IDEA 2022.1.2\jbr\bin\msvcp140.dll
0x00007fff8a2a0000 - 0x00007fff8ae1b000 	E:\programs\Idea\IntelliJ IDEA 2022.1.2\jbr\bin\server\jvm.dll
0x00007fffd87a0000 - 0x00007fffd8852000 	C:\WINDOWS\System32\ADVAPI32.dll
0x00007fffd8640000 - 0x00007fffd86e8000 	C:\WINDOWS\System32\sechost.dll
0x00007fffd7220000 - 0x00007fffd7248000 	C:\WINDOWS\System32\bcrypt.dll
0x00007fffd81e0000 - 0x00007fffd82f4000 	C:\WINDOWS\System32\RPCRT4.dll
0x00007fffd9c00000 - 0x00007fffd9c08000 	C:\WINDOWS\System32\PSAPI.DLL
0x00007fffbd300000 - 0x00007fffbd309000 	C:\WINDOWS\SYSTEM32\WSOCK32.dll
0x00007fffd13e0000 - 0x00007fffd1414000 	C:\WINDOWS\SYSTEM32\WINMM.dll
0x00007fffd8160000 - 0x00007fffd81d1000 	C:\WINDOWS\System32\WS2_32.dll
0x00007fffcc290000 - 0x00007fffcc29a000 	C:\WINDOWS\SYSTEM32\VERSION.dll
0x00007fffd6170000 - 0x00007fffd6188000 	C:\WINDOWS\SYSTEM32\kernel.appcore.dll
0x00007fffd1890000 - 0x00007fffd18a1000 	E:\programs\Idea\IntelliJ IDEA 2022.1.2\jbr\bin\verify.dll
0x00007fffd4d50000 - 0x00007fffd4f82000 	C:\WINDOWS\SYSTEM32\DBGHELP.DLL
0x00007fffd8fa0000 - 0x00007fffd932e000 	C:\WINDOWS\System32\combase.dll
0x00007fffd7e60000 - 0x00007fffd7f37000 	C:\WINDOWS\System32\OLEAUT32.dll
0x00007fffcd140000 - 0x00007fffcd172000 	C:\WINDOWS\SYSTEM32\dbgcore.DLL
0x00007fffd7b20000 - 0x00007fffd7b9b000 	C:\WINDOWS\System32\bcryptPrimitives.dll
0x00007fffcdcb0000 - 0x00007fffcdcd9000 	E:\programs\Idea\IntelliJ IDEA 2022.1.2\jbr\bin\java.dll
0x00007fffd4330000 - 0x00007fffd433b000 	E:\programs\Idea\IntelliJ IDEA 2022.1.2\jbr\bin\jimage.dll
0x00007fffd1830000 - 0x00007fffd1849000 	E:\programs\Idea\IntelliJ IDEA 2022.1.2\jbr\bin\zip.dll
0x00007fffd9330000 - 0x00007fffd9b99000 	C:\WINDOWS\System32\SHELL32.dll
0x00007fffd50f0000 - 0x00007fffd59ef000 	C:\WINDOWS\SYSTEM32\windows.storage.dll
0x00007fffd4fb0000 - 0x00007fffd50ef000 	C:\WINDOWS\SYSTEM32\wintypes.dll
0x00007fffd7ba0000 - 0x00007fffd7c99000 	C:\WINDOWS\System32\SHCORE.dll
0x00007fffd7f40000 - 0x00007fffd7f9e000 	C:\WINDOWS\System32\shlwapi.dll
0x00007fffd70b0000 - 0x00007fffd70d7000 	C:\WINDOWS\SYSTEM32\profapi.dll
0x00007fffd0390000 - 0x00007fffd03aa000 	E:\programs\Idea\IntelliJ IDEA 2022.1.2\jbr\bin\net.dll
0x00007fffd3090000 - 0x00007fffd31c6000 	C:\WINDOWS\SYSTEM32\WINHTTP.dll
0x00007fffd6640000 - 0x00007fffd66a9000 	C:\WINDOWS\system32\mswsock.dll
0x00007fffceb70000 - 0x00007fffceb84000 	E:\programs\Idea\IntelliJ IDEA 2022.1.2\jbr\bin\nio.dll
0x00007fffd6890000 - 0x00007fffd68ab000 	C:\WINDOWS\SYSTEM32\CRYPTSP.dll
0x00007fffd6130000 - 0x00007fffd6165000 	C:\WINDOWS\system32\rsaenh.dll
0x00007fffd6730000 - 0x00007fffd6758000 	C:\WINDOWS\SYSTEM32\USERENV.dll
0x00007fffd68b0000 - 0x00007fffd68bc000 	C:\WINDOWS\SYSTEM32\CRYPTBASE.dll
0x00007fffd5c90000 - 0x00007fffd5cbd000 	C:\WINDOWS\SYSTEM32\IPHLPAPI.DLL
0x00007fffd8520000 - 0x00007fffd8529000 	C:\WINDOWS\System32\NSI.dll
0x00007fffd2e30000 - 0x00007fffd2e49000 	C:\WINDOWS\SYSTEM32\dhcpcsvc6.DLL
0x00007fffd2e10000 - 0x00007fffd2e2f000 	C:\WINDOWS\SYSTEM32\dhcpcsvc.DLL
0x00007fffd5cc0000 - 0x00007fffd5dc2000 	C:\WINDOWS\SYSTEM32\DNSAPI.dll
0x00007fffcda70000 - 0x00007fffcda78000 	E:\programs\Idea\IntelliJ IDEA 2022.1.2\jbr\bin\rmi.dll

dbghelp: loaded successfully - version: 4.0.5 - missing functions: none
symbol engine: initialized successfully - sym options: 0x614 - pdb path: .;E:\programs\Idea\IntelliJ IDEA 2022.1.2\jbr\bin;C:\WINDOWS\SYSTEM32;C:\WINDOWS\WinSxS\amd64_microsoft.windows.common-controls_6595b64144ccf1df_6.0.22621.3672_none_2713b9d173822955;E:\programs\Idea\IntelliJ IDEA 2022.1.2\jbr\bin\server

VM Arguments:
jvm_args: -Djava.rmi.server.hostname=127.0.0.1 -Duser.timezone=UTC -Xmx750m -Xms128m -Dfile.encoding=UTF-8 
java_command: com.intellij.database.remote.RemoteJdbcServer org.postgresql.Driver
java_class_path (initial): E:\programs\Idea\IntelliJ IDEA 2022.1.2\lib\util_rt.jar;E:\programs\Idea\IntelliJ IDEA 2022.1.2\lib\util.jar;E:\programs\Idea\IntelliJ IDEA 2022.1.2\lib\groovy.jar;E:\programs\Idea\IntelliJ IDEA 2022.1.2\plugins\DatabaseTools\lib\jdbc-console.jar;C:\Users\egorz\AppData\Roaming\JetBrains\IntelliJIdea2022.1\jdbc-drivers\PostgreSQL\42.6.0\org\postgresql\postgresql\42.6.0\postgresql-42.6.0.jar;C:\Users\egorz\AppData\Roaming\JetBrains\IntelliJIdea2022.1\jdbc-drivers\PostgreSQL\42.6.0\org\checkerframework\checker-qual\3.31.0\checker-qual-3.31.0.jar;C:\Users\egorz\AppData\Roaming\JetBrains\IntelliJIdea2022.1\jdbc-drivers\PostgreSQL\42.6.0\com\github\waffle\waffle-jna\1.9.1\waffle-jna-1.9.1.jar;C:\Users\egorz\AppData\Roaming\JetBrains\IntelliJIdea2022.1\jdbc-drivers\PostgreSQL\42.6.0\net\java\dev\jna\jna\4.5.1\jna-4.5.1.jar;C:\Users\egorz\AppData\Roaming\JetBrains\IntelliJIdea2022.1\jdbc-drivers\PostgreSQL\42.6.0\net\java\dev\jna\jna-platform\4.5.1\jna-platform-4.5.1.jar;C:\Users\egorz\AppData\Roaming\JetBrains\IntelliJIdea2022.1\jdbc-drivers\PostgreSQL\42.6.0\org\slf4j\jcl-over-slf4j\1.7.25\jcl-over-slf4j-1.7.25.jar;C:\Users\egorz\AppData\Roaming\JetBrains\IntelliJIdea2022.1\jdbc-drivers\PostgreSQL\42.6.0\org\slf4j\slf4j-api\1.7.25\slf4j-api-1.7.25.jar;C:\Users\egorz\AppData\Roaming\JetBrains\IntelliJIdea2022.1\jdbc-drivers\PostgreSQL\42.6.0\com\github\ben-manes\caffeine\caffeine\2.6.2\caffeine-2.6.2.jar
Launcher Type: SUN_STANDARD

[Global flags]
     intx CICompilerCount                          = 12                                        {product} {ergonomic}
     uint ConcGCThreads                            = 3                                         {product} {ergonomic}
     uint G1ConcRefinementThreads                  = 13                                        {product} {ergonomic}
   size_t G1HeapRegionSize                         = 1048576                                   {product} {ergonomic}
    uintx GCDrainStackTargetSize                   = 64                                        {product} {ergonomic}
   size_t InitialHeapSize                          = 134217728                                 {product} {command line}
   size_t MarkStackSize                            = 4194304                                   {product} {ergonomic}
   size_t MaxHeapSize                              = 786432000                                 {product} {command line}
   size_t MaxNewSize                               = 471859200                                 {product} {ergonomic}
   size_t MinHeapDeltaBytes                        = 1048576                                   {product} {ergonomic}
    uintx NonNMethodCodeHeapSize                   = 7594288                                {pd product} {ergonomic}
    uintx NonProfiledCodeHeapSize                  = 122031976                              {pd product} {ergonomic}
    uintx ProfiledCodeHeapSize                     = 122031976                              {pd product} {ergonomic}
    uintx ReservedCodeCacheSize                    = 251658240                              {pd product} {ergonomic}
     bool SegmentedCodeCache                       = true                                      {product} {ergonomic}
     bool UseCompressedClassPointers               = true                                 {lp64_product} {ergonomic}
     bool UseCompressedOops                        = true                                 {lp64_product} {ergonomic}
     bool UseG1GC                                  = true                                      {product} {ergonomic}
     bool UseLargePagesIndividualAllocation        = false                                  {pd product} {ergonomic}

Logging:
Log output configuration:
 #0: stdout all=warning uptime,level,tags
 #1: stderr all=off uptime,level,tags

Environment Variables:
PATH=C:\Users\egorz\gcc\bin;C:\Users\egorz\gcc\libexec\gcc\x86_64-w64-mingw32\13.1.0;C:\Program Files (x86)\Common Files\Intel\Shared Libraries\redist\intel64_win\compiler;C:\Program Files (x86)\Common Files\Intel\Shared Libraries\redist\intel64\compiler;C:\Program Files (x86)\Common Files\Oracle\Java\javapath;C:\Windows\system32;C:\Windows;C:\Windows\System32\Wbem;C:\Windows\System32\WindowsPowerShell\v1.0\;C:\Windows\System32\OpenSSH\;C:\Program Files\dotnet\;e:\programs\quartus\quartus\bin;C:\WINDOWS\system32;C:\WINDOWS;C:\WINDOWS\System32\Wbem;C:\WINDOWS\System32\WindowsPowerShell\v1.0\;C:\WINDOWS\System32\OpenSSH\;C:\Program Files\nodejs\;C:\Program Files\Docker\Docker\resources\bin;C:\Program Files\Git\cmd;E:\programs\doxygen\bin;C:\Users\egorz\AppData\Local\Microsoft\WindowsApps;C:\Users\egorz\.dotnet\tools;;E:\Новая папка\idea\IntelliJ IDEA 2022.1.2\bin;;E:\programs\clion\CLion 2023.3.4\bin;;C:\Users\egorz\AppData\Roaming\npm
USERNAME=egorz
OS=Windows_NT
PROCESSOR_IDENTIFIER=AMD64 Family 23 Model 104 Stepping 1, AuthenticAMD



---------------  S Y S T E M  ---------------

OS: Windows 11 , 64 bit Build 22621 (10.0.22621.3958)
OS uptime: 3 days 5:16 hours

CPU:total 16 (initial active 16) (16 cores per cpu, 2 threads per core) family 23 model 104 stepping 1 microcode 0x0, cmov, cx8, fxsr, mmx, sse, sse2, sse3, ssse3, sse4.1, sse4.2, popcnt, avx, avx2, aes, clmul, mmxext, 3dnowpref, lzcnt, sse4a, ht, tsc, tscinvbit, tscinv, bmi1, bmi2, adx, sha, fma

Memory: 4k page, system-wide physical 15752M (1671M free)
TotalPageFile size 25640M (AvailPageFile size 5M)
current process WorkingSet (physical memory assigned to process): 68M, peak: 68M
current process commit charge ("private bytes"): 233M, peak: 233M

vm_info: OpenJDK 64-Bit Server VM (11.0.15+10-b2043.56) for windows-amd64 JRE (11.0.15+10-b2043.56), built on May 16 2022 02:28:12 by "" with MS VC++ 14.0 (VS2015)

END.
