#
# There is insufficient memory for the Java Runtime Environment to continue.
# Native memory allocation (malloc) failed to allocate 1957136 bytes. Error detail: Chunk::new
# Possible reasons:
#   The system is out of physical RAM or swap space
#   This process is running with CompressedOops enabled, and the Java Heap may be blocking the growth of the native heap
# Possible solutions:
#   Reduce memory load on the system
#   Increase physical memory or swap space
#   Check if swap backing store is full
#   Decrease Java heap size (-Xmx/-Xms)
#   Decrease number of Java threads
#   Decrease Java thread stack sizes (-Xss)
#   Set larger code cache with -XX:ReservedCodeCacheSize=
#   JVM is running with Unscaled Compressed Oops mode in which the Java heap is
#     placed in the first 4GB address space. The Java Heap base address is the
#     maximum limit for the native heap growth. Please use -XX:HeapBaseMinAddress
#     to set the Java Heap base and to place the Java Heap above 4GB virtual address.
# This output file may be truncated or incomplete.
#
#  Out of Memory Error (arena.cpp:168), pid=9852, tid=21224
#
# JRE version: OpenJDK Runtime Environment (21.0.3) (build 21.0.3+-12282718-b509.11)
# Java VM: OpenJDK 64-Bit Server VM (21.0.3+-12282718-b509.11, mixed mode, tiered, compressed oops, compressed class ptrs, g1 gc, windows-amd64)
# No core dump will be written. Minidumps are not enabled by default on client versions of Windows
#

---------------  S U M M A R Y ------------

Command Line: --add-opens=java.base/java.util=ALL-UNNAMED --add-opens=java.base/java.lang=ALL-UNNAMED --add-opens=java.base/java.lang.invoke=ALL-UNNAMED --add-opens=java.prefs/java.util.prefs=ALL-UNNAMED --add-exports=jdk.compiler/com.sun.tools.javac.api=ALL-UNNAMED --add-exports=jdk.compiler/com.sun.tools.javac.util=ALL-UNNAMED --add-opens=java.base/java.nio.charset=ALL-UNNAMED --add-opens=java.base/java.net=ALL-UNNAMED --add-opens=java.base/java.util.concurrent.atomic=ALL-UNNAMED -Xmx2048m -Dfile.encoding=UTF-8 -Duser.country=RU -Duser.language=ru -Duser.variant -javaagent:C:\Users\egorz\.gradle\wrapper\dists\gradle-8.9-bin\90cnw93cvbtalezasaz0blq0a\gradle-8.9\lib\agents\gradle-instrumentation-agent-8.9.jar org.gradle.launcher.daemon.bootstrap.GradleDaemon 8.9

Host: AMD Ryzen 7 5700U with Radeon Graphics         , 16 cores, 15G,  Windows 11 , 64 bit Build 22621 (10.0.22621.3958)
Time: Sat Oct 19 16:40:02 2024  Windows 11 , 64 bit Build 22621 (10.0.22621.3958) elapsed time: 9.359729 seconds (0d 0h 0m 9s)

---------------  T H R E A D  ---------------

Current thread (0x00000230c80e7030):  JavaThread "C2 CompilerThread0" daemon [_thread_in_native, id=21224, stack(0x0000008deaf00000,0x0000008deb000000) (1024K)]


Current CompileTask:
C2:   9359 5546   !   4       java.lang.ClassLoader::loadClass (121 bytes)

Stack: [0x0000008deaf00000,0x0000008deb000000]
Native frames: (J=compiled Java code, j=interpreted, Vv=VM code, C=native code)
V  [jvm.dll+0x6cafb9]
V  [jvm.dll+0x858523]
V  [jvm.dll+0x85aa7e]
V  [jvm.dll+0x85b163]
V  [jvm.dll+0x27d356]
V  [jvm.dll+0xbf93d]
V  [jvm.dll+0xbfe73]
V  [jvm.dll+0x3b1ceb]
V  [jvm.dll+0x1de082]
V  [jvm.dll+0x246c54]
V  [jvm.dll+0x2460d1]
V  [jvm.dll+0x1c5804]
V  [jvm.dll+0x25575c]
V  [jvm.dll+0x253c36]
V  [jvm.dll+0x3ec996]
V  [jvm.dll+0x800d78]
V  [jvm.dll+0x6c98cd]
C  [ucrtbase.dll+0x29333]
C  [KERNEL32.DLL+0x1257d]
C  [ntdll.dll+0x5af08]


---------------  P R O C E S S  ---------------

Threads class SMR info:
_java_thread_list=0x00000230d0588770, length=37, elements={
0x00000230ade68850, 0x00000230c8107840, 0x00000230c80e25c0, 0x00000230c8110220,
0x00000230c80eeaa0, 0x00000230c80ef900, 0x00000230c80f0360, 0x00000230c80e7030,
0x00000230c80eb3e0, 0x00000230c7f79070, 0x00000230c82e0ce0, 0x00000230c82f9910,
0x00000230c8763000, 0x00000230ce4dc7a0, 0x00000230ce3da6a0, 0x00000230ce730700,
0x00000230ce765370, 0x00000230ce3fd9c0, 0x00000230ce974ca0, 0x00000230ce9919a0,
0x00000230ce991310, 0x00000230ce98e520, 0x00000230ce98f240, 0x00000230ce990c80,
0x00000230ce98f8d0, 0x00000230ce9905f0, 0x00000230ce98ff60, 0x00000230cec36f60,
0x00000230cec33450, 0x00000230cec368d0, 0x00000230cd741d70, 0x00000230cec35520,
0x00000230cec37c80, 0x00000230cec31a10, 0x00000230cec35bb0, 0x00000230cd1f8860,
0x00000230d09c1f00
}

Java Threads: ( => current thread )
  0x00000230ade68850 JavaThread "main"                              [_thread_blocked, id=19368, stack(0x0000008dea100000,0x0000008dea200000) (1024K)]
  0x00000230c8107840 JavaThread "Reference Handler"          daemon [_thread_blocked, id=20016, stack(0x0000008dea900000,0x0000008deaa00000) (1024K)]
  0x00000230c80e25c0 JavaThread "Finalizer"                  daemon [_thread_blocked, id=9836, stack(0x0000008deaa00000,0x0000008deab00000) (1024K)]
  0x00000230c8110220 JavaThread "Signal Dispatcher"          daemon [_thread_blocked, id=3440, stack(0x0000008deab00000,0x0000008deac00000) (1024K)]
  0x00000230c80eeaa0 JavaThread "Attach Listener"            daemon [_thread_blocked, id=18072, stack(0x0000008deac00000,0x0000008dead00000) (1024K)]
  0x00000230c80ef900 JavaThread "Service Thread"             daemon [_thread_blocked, id=12440, stack(0x0000008dead00000,0x0000008deae00000) (1024K)]
  0x00000230c80f0360 JavaThread "Monitor Deflation Thread"   daemon [_thread_blocked, id=18080, stack(0x0000008deae00000,0x0000008deaf00000) (1024K)]
=>0x00000230c80e7030 JavaThread "C2 CompilerThread0"         daemon [_thread_in_native, id=21224, stack(0x0000008deaf00000,0x0000008deb000000) (1024K)]
  0x00000230c80eb3e0 JavaThread "C1 CompilerThread0"         daemon [_thread_blocked, id=5200, stack(0x0000008deb000000,0x0000008deb100000) (1024K)]
  0x00000230c7f79070 JavaThread "Common-Cleaner"             daemon [_thread_blocked, id=14020, stack(0x0000008deb100000,0x0000008deb200000) (1024K)]
  0x00000230c82e0ce0 JavaThread "C1 CompilerThread1"         daemon [_thread_blocked, id=4400, stack(0x0000008deb200000,0x0000008deb300000) (1024K)]
  0x00000230c82f9910 JavaThread "C1 CompilerThread2"         daemon [_thread_blocked, id=16920, stack(0x0000008deb300000,0x0000008deb400000) (1024K)]
  0x00000230c8763000 JavaThread "Notification Thread"        daemon [_thread_blocked, id=20624, stack(0x0000008deb400000,0x0000008deb500000) (1024K)]
  0x00000230ce4dc7a0 JavaThread "Daemon health stats"               [_thread_blocked, id=15156, stack(0x0000008deb700000,0x0000008deb800000) (1024K)]
  0x00000230ce3da6a0 JavaThread "Incoming local TCP Connector on port 59595"        [_thread_in_native, id=6744, stack(0x0000008debd00000,0x0000008debe00000) (1024K)]
  0x00000230ce730700 JavaThread "Daemon periodic checks"            [_thread_blocked, id=13828, stack(0x0000008debe00000,0x0000008debf00000) (1024K)]
  0x00000230ce765370 JavaThread "Daemon"                            [_thread_blocked, id=8268, stack(0x0000008debf00000,0x0000008dec000000) (1024K)]
  0x00000230ce3fd9c0 JavaThread "Handler for socket connection from /127.0.0.1:59595 to /127.0.0.1:59596"        [_thread_in_native, id=21228, stack(0x0000008dec000000,0x0000008dec100000) (1024K)]
  0x00000230ce974ca0 JavaThread "Cancel handler"                    [_thread_blocked, id=16036, stack(0x0000008dec100000,0x0000008dec200000) (1024K)]
  0x00000230ce9919a0 JavaThread "Daemon worker"                     [_thread_in_vm, id=21416, stack(0x0000008dec200000,0x0000008dec300000) (1024K)]
  0x00000230ce991310 JavaThread "Asynchronous log dispatcher for DefaultDaemonConnection: socket connection from /127.0.0.1:59595 to /127.0.0.1:59596"        [_thread_blocked, id=20516, stack(0x0000008dec300000,0x0000008dec400000) (1024K)]
  0x00000230ce98e520 JavaThread "Stdin handler"                     [_thread_blocked, id=9064, stack(0x0000008dec400000,0x0000008dec500000) (1024K)]
  0x00000230ce98f240 JavaThread "Daemon client event forwarder"        [_thread_blocked, id=13772, stack(0x0000008dec500000,0x0000008dec600000) (1024K)]
  0x00000230ce990c80 JavaThread "Cache worker for journal cache (C:\Users\egorz\.gradle\caches\journal-1)"        [_thread_blocked, id=4384, stack(0x0000008deb500000,0x0000008deb600000) (1024K)]
  0x00000230ce98f8d0 JavaThread "File lock request listener"        [_thread_in_native, id=4968, stack(0x0000008deb600000,0x0000008deb700000) (1024K)]
  0x00000230ce9905f0 JavaThread "Cache worker for file hash cache (C:\Users\egorz\.gradle\caches\8.9\fileHashes)"        [_thread_blocked, id=13776, stack(0x0000008ded000000,0x0000008ded100000) (1024K)]
  0x00000230ce98ff60 JavaThread "Cache worker for file hash cache (E:\Messanger\android-app\.gradle\8.9\fileHashes)"        [_thread_blocked, id=8912, stack(0x0000008ded400000,0x0000008ded500000) (1024K)]
  0x00000230cec36f60 JavaThread "Cache worker for Build Output Cleanup Cache (E:\Messanger\android-app\.gradle\buildOutputCleanup)"        [_thread_blocked, id=11880, stack(0x0000008ded500000,0x0000008ded600000) (1024K)]
  0x00000230cec33450 JavaThread "File watcher server"        daemon [_thread_in_native, id=10936, stack(0x0000008ded600000,0x0000008ded700000) (1024K)]
  0x00000230cec368d0 JavaThread "File watcher consumer"      daemon [_thread_blocked, id=14524, stack(0x0000008ded700000,0x0000008ded800000) (1024K)]
  0x00000230cd741d70 JavaThread "C2 CompilerThread1"         daemon [_thread_blocked, id=13416, stack(0x0000008debc00000,0x0000008debd00000) (1024K)]
  0x00000230cec35520 JavaThread "Cache worker for checksums cache (E:\Messanger\android-app\.gradle\8.9\checksums)"        [_thread_blocked, id=6464, stack(0x0000008ded100000,0x0000008ded200000) (1024K)]
  0x00000230cec37c80 JavaThread "Cache worker for file content cache (C:\Users\egorz\.gradle\caches\8.9\fileContent)"        [_thread_blocked, id=16628, stack(0x0000008ded200000,0x0000008ded300000) (1024K)]
  0x00000230cec31a10 JavaThread "Cache worker for cache directory md-rule (C:\Users\egorz\.gradle\caches\8.9\md-rule)"        [_thread_blocked, id=2864, stack(0x0000008ded300000,0x0000008ded400000) (1024K)]
  0x00000230cec35bb0 JavaThread "Cache worker for cache directory md-supplier (C:\Users\egorz\.gradle\caches\8.9\md-supplier)"        [_thread_blocked, id=9568, stack(0x0000008ded800000,0x0000008ded900000) (1024K)]
  0x00000230cd1f8860 JavaThread "C2 CompilerThread2"         daemon [_thread_in_native, id=18600, stack(0x0000008ded900000,0x0000008deda00000) (1024K)]
  0x00000230d09c1f00 JavaThread "C1 CompilerThread3"         daemon [_thread_blocked, id=10912, stack(0x0000008deda00000,0x0000008dedb00000) (1024K)]
Total: 37

Other Threads:
  0x00000230c8094c50 VMThread "VM Thread"                           [id=12632, stack(0x0000008dea800000,0x0000008dea900000) (1024K)]
  0x00000230c7f78250 WatcherThread "VM Periodic Task Thread"        [id=2456, stack(0x0000008dea700000,0x0000008dea800000) (1024K)]
  0x00000230adec20e0 WorkerThread "GC Thread#0"                     [id=15848, stack(0x0000008dea200000,0x0000008dea300000) (1024K)]
  0x00000230c86d6a60 WorkerThread "GC Thread#1"                     [id=2080, stack(0x0000008deb800000,0x0000008deb900000) (1024K)]
  0x00000230c8af2540 WorkerThread "GC Thread#2"                     [id=6804, stack(0x0000008deb900000,0x0000008deba00000) (1024K)]
  0x00000230c8aa1cf0 WorkerThread "GC Thread#3"                     [id=16392, stack(0x0000008deba00000,0x0000008debb00000) (1024K)]
  0x00000230c8bd5d00 WorkerThread "GC Thread#4"                     [id=15160, stack(0x0000008debb00000,0x0000008debc00000) (1024K)]
  0x00000230ce3fb560 WorkerThread "GC Thread#5"                     [id=3284, stack(0x0000008dec600000,0x0000008dec700000) (1024K)]
  0x00000230ce59ad90 WorkerThread "GC Thread#6"                     [id=10928, stack(0x0000008dec700000,0x0000008dec800000) (1024K)]
  0x00000230ce59b130 WorkerThread "GC Thread#7"                     [id=2388, stack(0x0000008dec800000,0x0000008dec900000) (1024K)]
  0x00000230ce59ce80 WorkerThread "GC Thread#8"                     [id=17020, stack(0x0000008dec900000,0x0000008deca00000) (1024K)]
  0x00000230ce59b520 WorkerThread "GC Thread#9"                     [id=4532, stack(0x0000008deca00000,0x0000008decb00000) (1024K)]
  0x00000230ce59b8c0 WorkerThread "GC Thread#10"                    [id=16408, stack(0x0000008decb00000,0x0000008decc00000) (1024K)]
  0x00000230ce59bc60 WorkerThread "GC Thread#11"                    [id=8968, stack(0x0000008decc00000,0x0000008decd00000) (1024K)]
  0x00000230ce59c3a0 WorkerThread "GC Thread#12"                    [id=18460, stack(0x0000008decd00000,0x0000008dece00000) (1024K)]
  0x00000230aded32b0 ConcurrentGCThread "G1 Main Marker"            [id=16540, stack(0x0000008dea300000,0x0000008dea400000) (1024K)]
  0x00000230aded41c0 WorkerThread "G1 Conc#0"                       [id=21024, stack(0x0000008dea400000,0x0000008dea500000) (1024K)]
  0x00000230ce59c000 WorkerThread "G1 Conc#1"                       [id=7004, stack(0x0000008dece00000,0x0000008decf00000) (1024K)]
  0x00000230ce59c740 WorkerThread "G1 Conc#2"                       [id=13792, stack(0x0000008decf00000,0x0000008ded000000) (1024K)]
  0x00000230c7eca740 ConcurrentGCThread "G1 Refine#0"               [id=6184, stack(0x0000008dea500000,0x0000008dea600000) (1024K)]
  0x00000230c7ecb1c0 ConcurrentGCThread "G1 Service"                [id=3984, stack(0x0000008dea600000,0x0000008dea700000) (1024K)]
Total: 21

Threads with active compile tasks:
C2 CompilerThread0     9377 5546   !   4       java.lang.ClassLoader::loadClass (121 bytes)
C2 CompilerThread2     9377 5694       4       org.objectweb.asm.MethodWriter::visitLabel (332 bytes)
Total: 2

VM state: not at safepoint (normal execution)

VM Mutex/Monitor currently owned by a thread: None

Heap address: 0x0000000080000000, size: 2048 MB, Compressed Oops mode: 32-bit

CDS archive(s) not mapped
Compressed class space mapped at: 0x0000000100000000-0x0000000140000000, reserved size: 1073741824
Narrow klass base: 0x0000000000000000, Narrow klass shift: 3, Narrow klass range: 0x140000000

GC Precious Log:
 CardTable entry size: 512
 Card Set container configuration: InlinePtr #cards 5 size 8 Array Of Cards #cards 12 size 40 Howl #buckets 4 coarsen threshold 1843 Howl Bitmap #cards 512 size 80 coarsen threshold 460 Card regions per heap region 1 cards per card region 2048
 CPUs: 16 total, 16 available
 Memory: 15752M
 Large Page Support: Disabled
 NUMA Support: Disabled
 Compressed Oops: Enabled (32-bit)
 Heap Region Size: 1M
 Heap Min Capacity: 8M
 Heap Initial Capacity: 248M
 Heap Max Capacity: 2G
 Pre-touch: Disabled
 Parallel Workers: 13
 Concurrent Workers: 3
 Concurrent Refinement Workers: 13
 Periodic GC: Disabled

Heap:
 garbage-first heap   total 88064K, used 63844K [0x0000000080000000, 0x0000000100000000)
  region size 1024K, 29 young (29696K), 3 survivors (3072K)
 Metaspace       used 62044K, committed 63616K, reserved 1114112K
  class space    used 8558K, committed 9344K, reserved 1048576K

Heap Regions: E=young(eden), S=young(survivor), O=old, HS=humongous(starts), HC=humongous(continues), CS=collection set, F=free, TAMS=top-at-mark-start, PB=parsable bottom
|   0|0x0000000080000000, 0x0000000080100000, 0x0000000080100000|100%|HS|  |TAMS 0x0000000080000000| PB 0x0000000080000000| Complete 
|   1|0x0000000080100000, 0x0000000080200000, 0x0000000080200000|100%|HC|  |TAMS 0x0000000080100000| PB 0x0000000080100000| Complete 
|   2|0x0000000080200000, 0x0000000080300000, 0x0000000080300000|100%|HC|  |TAMS 0x0000000080200000| PB 0x0000000080200000| Complete 
|   3|0x0000000080300000, 0x0000000080400000, 0x0000000080400000|100%|HC|  |TAMS 0x0000000080300000| PB 0x0000000080300000| Complete 
|   4|0x0000000080400000, 0x0000000080500000, 0x0000000080500000|100%| O|  |TAMS 0x0000000080400000| PB 0x0000000080400000| Untracked 
|   5|0x0000000080500000, 0x0000000080600000, 0x0000000080600000|100%| O|  |TAMS 0x0000000080500000| PB 0x0000000080500000| Untracked 
|   6|0x0000000080600000, 0x0000000080700000, 0x0000000080700000|100%| O|  |TAMS 0x0000000080600000| PB 0x0000000080600000| Untracked 
|   7|0x0000000080700000, 0x0000000080800000, 0x0000000080800000|100%| O|  |TAMS 0x0000000080700000| PB 0x0000000080700000| Untracked 
|   8|0x0000000080800000, 0x0000000080900000, 0x0000000080900000|100%| O|  |TAMS 0x0000000080800000| PB 0x0000000080800000| Untracked 
|   9|0x0000000080900000, 0x0000000080a00000, 0x0000000080a00000|100%| O|  |TAMS 0x0000000080900000| PB 0x0000000080900000| Untracked 
|  10|0x0000000080a00000, 0x0000000080b00000, 0x0000000080b00000|100%|HS|  |TAMS 0x0000000080a00000| PB 0x0000000080a00000| Complete 
|  11|0x0000000080b00000, 0x0000000080c00000, 0x0000000080c00000|100%| O|  |TAMS 0x0000000080b00000| PB 0x0000000080b00000| Untracked 
|  12|0x0000000080c00000, 0x0000000080cf6798, 0x0000000080d00000| 96%| O|  |TAMS 0x0000000080c00000| PB 0x0000000080c00000| Untracked 
|  13|0x0000000080d00000, 0x0000000080e00000, 0x0000000080e00000|100%| O|  |TAMS 0x0000000080d00000| PB 0x0000000080d00000| Untracked 
|  14|0x0000000080e00000, 0x0000000080f00000, 0x0000000080f00000|100%| O|  |TAMS 0x0000000080e00000| PB 0x0000000080e00000| Untracked 
|  15|0x0000000080f00000, 0x0000000081000000, 0x0000000081000000|100%| O|  |TAMS 0x0000000080f00000| PB 0x0000000080f00000| Untracked 
|  16|0x0000000081000000, 0x0000000081100000, 0x0000000081100000|100%| O|  |TAMS 0x0000000081000000| PB 0x0000000081000000| Untracked 
|  17|0x0000000081100000, 0x0000000081200000, 0x0000000081200000|100%| O|  |TAMS 0x0000000081100000| PB 0x0000000081100000| Untracked 
|  18|0x0000000081200000, 0x0000000081300000, 0x0000000081300000|100%| O|  |TAMS 0x0000000081200000| PB 0x0000000081200000| Untracked 
|  19|0x0000000081300000, 0x0000000081400000, 0x0000000081400000|100%| O|  |TAMS 0x0000000081300000| PB 0x0000000081300000| Untracked 
|  20|0x0000000081400000, 0x0000000081500000, 0x0000000081500000|100%| O|  |TAMS 0x0000000081400000| PB 0x0000000081400000| Untracked 
|  21|0x0000000081500000, 0x0000000081600000, 0x0000000081600000|100%| O|  |TAMS 0x0000000081500000| PB 0x0000000081500000| Untracked 
|  22|0x0000000081600000, 0x0000000081700000, 0x0000000081700000|100%| O|  |TAMS 0x0000000081600000| PB 0x0000000081600000| Untracked 
|  23|0x0000000081700000, 0x0000000081800000, 0x0000000081800000|100%| O|  |TAMS 0x0000000081700000| PB 0x0000000081700000| Untracked 
|  24|0x0000000081800000, 0x0000000081900000, 0x0000000081900000|100%| O|  |TAMS 0x0000000081800000| PB 0x0000000081800000| Untracked 
|  25|0x0000000081900000, 0x0000000081a00000, 0x0000000081a00000|100%| O|  |TAMS 0x0000000081900000| PB 0x0000000081900000| Untracked 
|  26|0x0000000081a00000, 0x0000000081b00000, 0x0000000081b00000|100%| O|  |TAMS 0x0000000081a00000| PB 0x0000000081a00000| Untracked 
|  27|0x0000000081b00000, 0x0000000081c00000, 0x0000000081c00000|100%| O|  |TAMS 0x0000000081b00000| PB 0x0000000081b00000| Untracked 
|  28|0x0000000081c00000, 0x0000000081d00000, 0x0000000081d00000|100%| O|  |TAMS 0x0000000081c00000| PB 0x0000000081c00000| Untracked 
|  29|0x0000000081d00000, 0x0000000081e00000, 0x0000000081e00000|100%| O|  |TAMS 0x0000000081d00000| PB 0x0000000081d00000| Untracked 
|  30|0x0000000081e00000, 0x0000000081f00000, 0x0000000081f00000|100%| O|  |TAMS 0x0000000081e00000| PB 0x0000000081e00000| Untracked 
|  31|0x0000000081f00000, 0x0000000082000000, 0x0000000082000000|100%| O|  |TAMS 0x0000000081f00000| PB 0x0000000081f00000| Untracked 
|  32|0x0000000082000000, 0x0000000082100000, 0x0000000082100000|100%| O|  |TAMS 0x0000000082000000| PB 0x0000000082000000| Untracked 
|  33|0x0000000082100000, 0x0000000082200000, 0x0000000082200000|100%| O|Cm|TAMS 0x0000000082100000| PB 0x0000000082100000| Complete 
|  34|0x0000000082200000, 0x00000000822ea950, 0x0000000082300000| 91%| O|  |TAMS 0x0000000082200000| PB 0x0000000082200000| Untracked 
|  35|0x0000000082300000, 0x0000000082300000, 0x0000000082400000|  0%| F|  |TAMS 0x0000000082300000| PB 0x0000000082300000| Untracked 
|  36|0x0000000082400000, 0x0000000082400000, 0x0000000082500000|  0%| F|  |TAMS 0x0000000082400000| PB 0x0000000082400000| Untracked 
|  37|0x0000000082500000, 0x0000000082500000, 0x0000000082600000|  0%| F|  |TAMS 0x0000000082500000| PB 0x0000000082500000| Untracked 
|  38|0x0000000082600000, 0x0000000082600000, 0x0000000082700000|  0%| F|  |TAMS 0x0000000082600000| PB 0x0000000082600000| Untracked 
|  39|0x0000000082700000, 0x0000000082700000, 0x0000000082800000|  0%| F|  |TAMS 0x0000000082700000| PB 0x0000000082700000| Untracked 
|  40|0x0000000082800000, 0x0000000082800000, 0x0000000082900000|  0%| F|  |TAMS 0x0000000082800000| PB 0x0000000082800000| Untracked 
|  41|0x0000000082900000, 0x0000000082900000, 0x0000000082a00000|  0%| F|  |TAMS 0x0000000082900000| PB 0x0000000082900000| Untracked 
|  42|0x0000000082a00000, 0x0000000082a00000, 0x0000000082b00000|  0%| F|  |TAMS 0x0000000082a00000| PB 0x0000000082a00000| Untracked 
|  43|0x0000000082b00000, 0x0000000082b00000, 0x0000000082c00000|  0%| F|  |TAMS 0x0000000082b00000| PB 0x0000000082b00000| Untracked 
|  44|0x0000000082c00000, 0x0000000082c00000, 0x0000000082d00000|  0%| F|  |TAMS 0x0000000082c00000| PB 0x0000000082c00000| Untracked 
|  45|0x0000000082d00000, 0x0000000082d00000, 0x0000000082e00000|  0%| F|  |TAMS 0x0000000082d00000| PB 0x0000000082d00000| Untracked 
|  46|0x0000000082e00000, 0x0000000082e00000, 0x0000000082f00000|  0%| F|  |TAMS 0x0000000082e00000| PB 0x0000000082e00000| Untracked 
|  47|0x0000000082f00000, 0x0000000082f00000, 0x0000000083000000|  0%| F|  |TAMS 0x0000000082f00000| PB 0x0000000082f00000| Untracked 
|  48|0x0000000083000000, 0x0000000083000000, 0x0000000083100000|  0%| F|  |TAMS 0x0000000083000000| PB 0x0000000083000000| Untracked 
|  49|0x0000000083100000, 0x0000000083100000, 0x0000000083200000|  0%| F|  |TAMS 0x0000000083100000| PB 0x0000000083100000| Untracked 
|  50|0x0000000083200000, 0x0000000083200000, 0x0000000083300000|  0%| F|  |TAMS 0x0000000083200000| PB 0x0000000083200000| Untracked 
|  51|0x0000000083300000, 0x0000000083300000, 0x0000000083400000|  0%| F|  |TAMS 0x0000000083300000| PB 0x0000000083300000| Untracked 
|  52|0x0000000083400000, 0x0000000083400000, 0x0000000083500000|  0%| F|  |TAMS 0x0000000083400000| PB 0x0000000083400000| Untracked 
|  53|0x0000000083500000, 0x0000000083500000, 0x0000000083600000|  0%| F|  |TAMS 0x0000000083500000| PB 0x0000000083500000| Untracked 
|  54|0x0000000083600000, 0x0000000083600000, 0x0000000083700000|  0%| F|  |TAMS 0x0000000083600000| PB 0x0000000083600000| Untracked 
|  55|0x0000000083700000, 0x0000000083700000, 0x0000000083800000|  0%| F|  |TAMS 0x0000000083700000| PB 0x0000000083700000| Untracked 
|  56|0x0000000083800000, 0x0000000083800000, 0x0000000083900000|  0%| F|  |TAMS 0x0000000083800000| PB 0x0000000083800000| Untracked 
|  57|0x0000000083900000, 0x0000000083a00000, 0x0000000083a00000|100%| E|  |TAMS 0x0000000083900000| PB 0x0000000083900000| Complete 
|  58|0x0000000083a00000, 0x0000000083b00000, 0x0000000083b00000|100%| E|CS|TAMS 0x0000000083a00000| PB 0x0000000083a00000| Complete 
|  59|0x0000000083b00000, 0x0000000083c00000, 0x0000000083c00000|100%| E|CS|TAMS 0x0000000083b00000| PB 0x0000000083b00000| Complete 
|  60|0x0000000083c00000, 0x0000000083d00000, 0x0000000083d00000|100%| E|CS|TAMS 0x0000000083c00000| PB 0x0000000083c00000| Complete 
|  61|0x0000000083d00000, 0x0000000083e00000, 0x0000000083e00000|100%| E|CS|TAMS 0x0000000083d00000| PB 0x0000000083d00000| Complete 
|  62|0x0000000083e00000, 0x0000000083f00000, 0x0000000083f00000|100%| E|CS|TAMS 0x0000000083e00000| PB 0x0000000083e00000| Complete 
|  63|0x0000000083f00000, 0x0000000084000000, 0x0000000084000000|100%| E|CS|TAMS 0x0000000083f00000| PB 0x0000000083f00000| Complete 
|  64|0x0000000084000000, 0x0000000084100000, 0x0000000084100000|100%| E|CS|TAMS 0x0000000084000000| PB 0x0000000084000000| Complete 
|  65|0x0000000084100000, 0x0000000084200000, 0x0000000084200000|100%| E|CS|TAMS 0x0000000084100000| PB 0x0000000084100000| Complete 
|  66|0x0000000084200000, 0x0000000084300000, 0x0000000084300000|100%| E|CS|TAMS 0x0000000084200000| PB 0x0000000084200000| Complete 
|  67|0x0000000084300000, 0x0000000084400000, 0x0000000084400000|100%| E|CS|TAMS 0x0000000084300000| PB 0x0000000084300000| Complete 
|  68|0x0000000084400000, 0x0000000084500000, 0x0000000084500000|100%| E|CS|TAMS 0x0000000084400000| PB 0x0000000084400000| Complete 
|  69|0x0000000084500000, 0x0000000084578068, 0x0000000084600000| 46%| S|CS|TAMS 0x0000000084500000| PB 0x0000000084500000| Complete 
|  70|0x0000000084600000, 0x0000000084700000, 0x0000000084700000|100%| S|CS|TAMS 0x0000000084600000| PB 0x0000000084600000| Complete 
|  71|0x0000000084700000, 0x0000000084800000, 0x0000000084800000|100%| S|CS|TAMS 0x0000000084700000| PB 0x0000000084700000| Complete 
|  72|0x0000000084800000, 0x0000000084900000, 0x0000000084900000|100%| E|CS|TAMS 0x0000000084800000| PB 0x0000000084800000| Complete 
|  73|0x0000000084900000, 0x0000000084a00000, 0x0000000084a00000|100%| E|CS|TAMS 0x0000000084900000| PB 0x0000000084900000| Complete 
|  74|0x0000000084a00000, 0x0000000084b00000, 0x0000000084b00000|100%| E|CS|TAMS 0x0000000084a00000| PB 0x0000000084a00000| Complete 
|  75|0x0000000084b00000, 0x0000000084c00000, 0x0000000084c00000|100%| E|CS|TAMS 0x0000000084b00000| PB 0x0000000084b00000| Complete 
| 237|0x000000008ed00000, 0x000000008ee00000, 0x000000008ee00000|100%| E|CS|TAMS 0x000000008ed00000| PB 0x000000008ed00000| Complete 
| 238|0x000000008ee00000, 0x000000008ef00000, 0x000000008ef00000|100%| E|CS|TAMS 0x000000008ee00000| PB 0x000000008ee00000| Complete 
| 239|0x000000008ef00000, 0x000000008f000000, 0x000000008f000000|100%| E|CS|TAMS 0x000000008ef00000| PB 0x000000008ef00000| Complete 
| 240|0x000000008f000000, 0x000000008f100000, 0x000000008f100000|100%| E|CS|TAMS 0x000000008f000000| PB 0x000000008f000000| Complete 
| 241|0x000000008f100000, 0x000000008f200000, 0x000000008f200000|100%| E|CS|TAMS 0x000000008f100000| PB 0x000000008f100000| Complete 
| 242|0x000000008f200000, 0x000000008f300000, 0x000000008f300000|100%| E|CS|TAMS 0x000000008f200000| PB 0x000000008f200000| Complete 
| 243|0x000000008f300000, 0x000000008f400000, 0x000000008f400000|100%| E|CS|TAMS 0x000000008f300000| PB 0x000000008f300000| Complete 
| 244|0x000000008f400000, 0x000000008f500000, 0x000000008f500000|100%| E|CS|TAMS 0x000000008f400000| PB 0x000000008f400000| Complete 
| 245|0x000000008f500000, 0x000000008f600000, 0x000000008f600000|100%| E|CS|TAMS 0x000000008f500000| PB 0x000000008f500000| Complete 
| 247|0x000000008f700000, 0x000000008f800000, 0x000000008f800000|100%| E|CS|TAMS 0x000000008f700000| PB 0x000000008f700000| Complete 

Card table byte_map: [0x00000230c2b40000,0x00000230c2f40000] _byte_map_base: 0x00000230c2740000

Marking Bits: (CMBitMap*) 0x00000230adec27e0
 Bits: [0x00000230c2f40000, 0x00000230c4f40000)

Polling page: 0x00000230b2760000

Metaspace:

Usage:
  Non-class:     52.24 MB used.
      Class:      8.36 MB used.
       Both:     60.60 MB used.

Virtual space:
  Non-class space:       64.00 MB reserved,      53.00 MB ( 83%) committed,  1 nodes.
      Class space:        1.00 GB reserved,       9.12 MB ( <1%) committed,  1 nodes.
             Both:        1.06 GB reserved,      62.12 MB (  6%) committed. 

Chunk freelists:
   Non-Class:  10.92 MB
       Class:  6.92 MB
        Both:  17.84 MB

MaxMetaspaceSize: unlimited
CompressedClassSpaceSize: 1.00 GB
Initial GC threshold: 21.00 MB
Current GC threshold: 98.06 MB
CDS: off
 - commit_granule_bytes: 65536.
 - commit_granule_words: 8192.
 - virtual_space_node_default_size: 8388608.
 - enlarge_chunks_in_place: 1.
 - use_allocation_guard: 0.


Internal statistics:

num_allocs_failed_limit: 9.
num_arena_births: 2868.
num_arena_deaths: 0.
num_vsnodes_births: 2.
num_vsnodes_deaths: 0.
num_space_committed: 994.
num_space_uncommitted: 0.
num_chunks_returned_to_freelist: 9.
num_chunks_taken_from_freelist: 5291.
num_chunk_merges: 9.
num_chunk_splits: 3469.
num_chunks_enlarged: 2170.
num_inconsistent_stats: 0.

CodeHeap 'non-profiled nmethods': size=119168Kb used=3052Kb max_used=3052Kb free=116115Kb
 bounds [0x00000230ba320000, 0x00000230ba620000, 0x00000230c1780000]
CodeHeap 'profiled nmethods': size=119104Kb used=9828Kb max_used=9828Kb free=109275Kb
 bounds [0x00000230b2780000, 0x00000230b3120000, 0x00000230b9bd0000]
CodeHeap 'non-nmethods': size=7488Kb used=3649Kb max_used=3720Kb free=3838Kb
 bounds [0x00000230b9bd0000, 0x00000230b9fa0000, 0x00000230ba320000]
 total_blobs=5861 nmethods=5123 adapters=638
 compilation: enabled
              stopped_count=0, restarted_count=0
 full_count=0

Compilation events (20 events):
Event: 9.349 Thread 0x00000230c80eb3e0 nmethod 5678 0x00000230b3110490 code [0x00000230b3110640, 0x00000230b3110818]
Event: 9.349 Thread 0x00000230cd741d70 nmethod 5677 0x00000230ba617a90 code [0x00000230ba617c20, 0x00000230ba617d28]
Event: 9.349 Thread 0x00000230cd741d70 5680       4       org.objectweb.asm.Label::<init> (5 bytes)
Event: 9.350 Thread 0x00000230cd741d70 nmethod 5680 0x00000230ba617e10 code [0x00000230ba617fa0, 0x00000230ba618028]
Event: 9.350 Thread 0x00000230c82f9910 5682       3       org.objectweb.asm.ClassReader::readClass (7 bytes)
Event: 9.350 Thread 0x00000230d09c1f00 5683       3       org.objectweb.asm.ClassReader::readStringish (16 bytes)
Event: 9.350 Thread 0x00000230c82e0ce0 nmethod 5681 0x00000230b3110990 code [0x00000230b3110c00, 0x00000230b31115e0]
Event: 9.350 Thread 0x00000230c82f9910 nmethod 5682 0x00000230b3111890 code [0x00000230b3111a80, 0x00000230b3111e08]
Event: 9.350 Thread 0x00000230cd1f8860 nmethod 5667 0x00000230ba618110 code [0x00000230ba618380, 0x00000230ba6191f0]
Event: 9.350 Thread 0x00000230d09c1f00 nmethod 5683 0x00000230b3112010 code [0x00000230b3112200, 0x00000230b3112518]
Event: 9.351 Thread 0x00000230c82e0ce0 5684       3       java.net.URI$Parser::scan (41 bytes)
Event: 9.351 Thread 0x00000230c82e0ce0 nmethod 5684 0x00000230b3112690 code [0x00000230b31128c0, 0x00000230b3113018]
Event: 9.352 Thread 0x00000230c80eb3e0 5685       1       org.gradle.internal.instantiation.generator.AbstractClassGenerator$GeneratedClassImpl::getOuterType (5 bytes)
Event: 9.352 Thread 0x00000230cd741d70 5686       4       com.google.common.collect.AbstractIndexedListIterator::next (31 bytes)
Event: 9.352 Thread 0x00000230c80eb3e0 nmethod 5685 0x00000230ba619a10 code [0x00000230ba619ba0, 0x00000230ba619c68]
Event: 9.353 Thread 0x00000230cd741d70 nmethod 5686 0x00000230ba619d10 code [0x00000230ba619ea0, 0x00000230ba619f78]
Event: 9.354 Thread 0x00000230c80eb3e0 5687       3       org.gradle.internal.deprecation.DeprecationLogger::disable (24 bytes)
Event: 9.354 Thread 0x00000230d09c1f00 5688       3       org.gradle.internal.deprecation.DeprecationLogger::maybeEnable (24 bytes)
Event: 9.354 Thread 0x00000230d09c1f00 nmethod 5688 0x00000230b3113410 code [0x00000230b3113640, 0x00000230b3113f60]
Event: 9.354 Thread 0x00000230c80eb3e0 nmethod 5687 0x00000230b3114290 code [0x00000230b31144c0, 0x00000230b3114de0]

GC Heap History (20 events):
Event: 2.633 GC heap before
{Heap before GC invocations=2 (full 0):
 garbage-first heap   total 253952K, used 76357K [0x0000000080000000, 0x0000000100000000)
  region size 1024K, 64 young (65536K), 2 survivors (2048K)
 Metaspace       used 21021K, committed 21376K, reserved 1114112K
  class space    used 2424K, committed 2560K, reserved 1048576K
}
Event: 2.638 GC heap after
{Heap after GC invocations=3 (full 0):
 garbage-first heap   total 253952K, used 20441K [0x0000000080000000, 0x0000000100000000)
  region size 1024K, 8 young (8192K), 8 survivors (8192K)
 Metaspace       used 21021K, committed 21376K, reserved 1114112K
  class space    used 2424K, committed 2560K, reserved 1048576K
}
Event: 2.663 GC heap before
{Heap before GC invocations=3 (full 0):
 garbage-first heap   total 253952K, used 21465K [0x0000000080000000, 0x0000000100000000)
  region size 1024K, 10 young (10240K), 8 survivors (8192K)
 Metaspace       used 21207K, committed 21504K, reserved 1114112K
  class space    used 2453K, committed 2624K, reserved 1048576K
}
Event: 2.666 GC heap after
{Heap after GC invocations=4 (full 0):
 garbage-first heap   total 253952K, used 20722K [0x0000000080000000, 0x0000000100000000)
  region size 1024K, 9 young (9216K), 9 survivors (9216K)
 Metaspace       used 21207K, committed 21504K, reserved 1114112K
  class space    used 2453K, committed 2624K, reserved 1048576K
}
Event: 3.988 GC heap before
{Heap before GC invocations=5 (full 0):
 garbage-first heap   total 75776K, used 74994K [0x0000000080000000, 0x0000000100000000)
  region size 1024K, 62 young (63488K), 9 survivors (9216K)
 Metaspace       used 29770K, committed 30400K, reserved 1114112K
  class space    used 3839K, committed 4096K, reserved 1048576K
}
Event: 3.994 GC heap after
{Heap after GC invocations=6 (full 0):
 garbage-first heap   total 88064K, used 24032K [0x0000000080000000, 0x0000000100000000)
  region size 1024K, 12 young (12288K), 12 survivors (12288K)
 Metaspace       used 29770K, committed 30400K, reserved 1114112K
  class space    used 3839K, committed 4096K, reserved 1048576K
}
Event: 5.690 GC heap before
{Heap before GC invocations=6 (full 0):
 garbage-first heap   total 88064K, used 62944K [0x0000000080000000, 0x0000000100000000)
  region size 1024K, 51 young (52224K), 12 survivors (12288K)
 Metaspace       used 35185K, committed 35968K, reserved 1114112K
  class space    used 4734K, committed 5120K, reserved 1048576K
}
Event: 5.695 GC heap after
{Heap after GC invocations=7 (full 0):
 garbage-first heap   total 88064K, used 26797K [0x0000000080000000, 0x0000000100000000)
  region size 1024K, 6 young (6144K), 6 survivors (6144K)
 Metaspace       used 35185K, committed 35968K, reserved 1114112K
  class space    used 4734K, committed 5120K, reserved 1048576K
}
Event: 5.701 GC heap before
{Heap before GC invocations=7 (full 0):
 garbage-first heap   total 88064K, used 26797K [0x0000000080000000, 0x0000000100000000)
  region size 1024K, 7 young (7168K), 6 survivors (6144K)
 Metaspace       used 35214K, committed 35968K, reserved 1114112K
  class space    used 4737K, committed 5120K, reserved 1048576K
}
Event: 5.704 GC heap after
{Heap after GC invocations=8 (full 0):
 garbage-first heap   total 88064K, used 26859K [0x0000000080000000, 0x0000000100000000)
  region size 1024K, 3 young (3072K), 3 survivors (3072K)
 Metaspace       used 35214K, committed 35968K, reserved 1114112K
  class space    used 4737K, committed 5120K, reserved 1048576K
}
Event: 6.535 GC heap before
{Heap before GC invocations=9 (full 0):
 garbage-first heap   total 88064K, used 72939K [0x0000000080000000, 0x0000000100000000)
  region size 1024K, 49 young (50176K), 3 survivors (3072K)
 Metaspace       used 43371K, committed 44480K, reserved 1114112K
  class space    used 5863K, committed 6400K, reserved 1048576K
}
Event: 6.539 GC heap after
{Heap after GC invocations=10 (full 0):
 garbage-first heap   total 88064K, used 30051K [0x0000000080000000, 0x0000000100000000)
  region size 1024K, 6 young (6144K), 6 survivors (6144K)
 Metaspace       used 43371K, committed 44480K, reserved 1114112K
  class space    used 5863K, committed 6400K, reserved 1048576K
}
Event: 7.062 GC heap before
{Heap before GC invocations=10 (full 0):
 garbage-first heap   total 88064K, used 74083K [0x0000000080000000, 0x0000000100000000)
  region size 1024K, 50 young (51200K), 6 survivors (6144K)
 Metaspace       used 46516K, committed 47744K, reserved 1114112K
  class space    used 6255K, committed 6848K, reserved 1048576K
}
Event: 7.068 GC heap after
{Heap after GC invocations=11 (full 0):
 garbage-first heap   total 88064K, used 33241K [0x0000000080000000, 0x0000000100000000)
  region size 1024K, 7 young (7168K), 7 survivors (7168K)
 Metaspace       used 46516K, committed 47744K, reserved 1114112K
  class space    used 6255K, committed 6848K, reserved 1048576K
}
Event: 7.849 GC heap before
{Heap before GC invocations=11 (full 0):
 garbage-first heap   total 88064K, used 74201K [0x0000000080000000, 0x0000000100000000)
  region size 1024K, 48 young (49152K), 7 survivors (7168K)
 Metaspace       used 50542K, committed 51904K, reserved 1114112K
  class space    used 6932K, committed 7616K, reserved 1048576K
}
Event: 7.854 GC heap after
{Heap after GC invocations=12 (full 0):
 garbage-first heap   total 88064K, used 35880K [0x0000000080000000, 0x0000000100000000)
  region size 1024K, 6 young (6144K), 6 survivors (6144K)
 Metaspace       used 50542K, committed 51904K, reserved 1114112K
  class space    used 6932K, committed 7616K, reserved 1048576K
}
Event: 8.527 GC heap before
{Heap before GC invocations=12 (full 0):
 garbage-first heap   total 88064K, used 76840K [0x0000000080000000, 0x0000000100000000)
  region size 1024K, 45 young (46080K), 6 survivors (6144K)
 Metaspace       used 56563K, committed 58048K, reserved 1114112K
  class space    used 7666K, committed 8384K, reserved 1048576K
}
Event: 8.531 GC heap after
{Heap after GC invocations=13 (full 0):
 garbage-first heap   total 88064K, used 37732K [0x0000000080000000, 0x0000000100000000)
  region size 1024K, 5 young (5120K), 5 survivors (5120K)
 Metaspace       used 56563K, committed 58048K, reserved 1114112K
  class space    used 7666K, committed 8384K, reserved 1048576K
}
Event: 8.832 GC heap before
{Heap before GC invocations=13 (full 0):
 garbage-first heap   total 88064K, used 51044K [0x0000000080000000, 0x0000000100000000)
  region size 1024K, 19 young (19456K), 5 survivors (5120K)
 Metaspace       used 58640K, committed 60096K, reserved 1114112K
  class space    used 7976K, committed 8704K, reserved 1048576K
}
Event: 8.836 GC heap after
{Heap after GC invocations=14 (full 0):
 garbage-first heap   total 88064K, used 38244K [0x0000000080000000, 0x0000000100000000)
  region size 1024K, 3 young (3072K), 3 survivors (3072K)
 Metaspace       used 58640K, committed 60096K, reserved 1114112K
  class space    used 7976K, committed 8704K, reserved 1048576K
}

Dll operation events (3 events):
Event: 0.007 Loaded shared library E:\android\jbr\bin\java.dll
Event: 0.013 Loaded shared library E:\android\jbr\bin\zip.dll
Event: 0.565 Loaded shared library E:\android\jbr\bin\verify.dll

Deoptimization events (20 events):
Event: 9.297 Thread 0x00000230ce9919a0 Uncommon trap: trap_request=0xffffff45 fr.pc=0x00000230ba50208c relative=0x00000000000012ac
Event: 9.297 Thread 0x00000230ce9919a0 Uncommon trap: reason=unstable_if action=reinterpret pc=0x00000230ba50208c method=java.util.concurrent.ConcurrentHashMap.computeIfAbsent(Ljava/lang/Object;Ljava/util/function/Function;)Ljava/lang/Object; @ 123 c2
Event: 9.297 Thread 0x00000230ce9919a0 DEOPT PACKING pc=0x00000230ba50208c sp=0x0000008dec2f9ff0
Event: 9.297 Thread 0x00000230ce9919a0 DEOPT UNPACKING pc=0x00000230b9c246a2 sp=0x0000008dec2f9f70 mode 2
Event: 9.299 Thread 0x00000230ce9919a0 Uncommon trap: trap_request=0xffffff45 fr.pc=0x00000230ba416a84 relative=0x00000000000003c4
Event: 9.299 Thread 0x00000230ce9919a0 Uncommon trap: reason=unstable_if action=reinterpret pc=0x00000230ba416a84 method=org.gradle.internal.reflect.PropertyAccessorType.isGetGetterName(Ljava/lang/String;)Z @ 14 c2
Event: 9.299 Thread 0x00000230ce9919a0 DEOPT PACKING pc=0x00000230ba416a84 sp=0x0000008dec2f9ab0
Event: 9.299 Thread 0x00000230ce9919a0 DEOPT UNPACKING pc=0x00000230b9c246a2 sp=0x0000008dec2f9a08 mode 2
Event: 9.336 Thread 0x00000230ce9919a0 Uncommon trap: trap_request=0xffffffc6 fr.pc=0x00000230ba3bd240 relative=0x0000000000000260
Event: 9.336 Thread 0x00000230ce9919a0 Uncommon trap: reason=bimorphic_or_optimized_type_check action=maybe_recompile pc=0x00000230ba3bd240 method=java.util.Spliterators$IteratorSpliterator.tryAdvance(Ljava/util/function/Consumer;)Z @ 50 c2
Event: 9.336 Thread 0x00000230ce9919a0 DEOPT PACKING pc=0x00000230ba3bd240 sp=0x0000008dec2f9df0
Event: 9.336 Thread 0x00000230ce9919a0 DEOPT UNPACKING pc=0x00000230b9c246a2 sp=0x0000008dec2f9d90 mode 2
Event: 9.347 Thread 0x00000230ce9919a0 Uncommon trap: trap_request=0xffffff45 fr.pc=0x00000230ba5b2888 relative=0x0000000000000408
Event: 9.347 Thread 0x00000230ce9919a0 Uncommon trap: reason=unstable_if action=reinterpret pc=0x00000230ba5b2888 method=org.objectweb.asm.MethodWriter.visitVarInsn(II)V @ 108 c2
Event: 9.347 Thread 0x00000230ce9919a0 DEOPT PACKING pc=0x00000230ba5b2888 sp=0x0000008dec2f8c50
Event: 9.347 Thread 0x00000230ce9919a0 DEOPT UNPACKING pc=0x00000230b9c246a2 sp=0x0000008dec2f8c08 mode 2
Event: 9.348 Thread 0x00000230ce9919a0 Uncommon trap: trap_request=0xffffff45 fr.pc=0x00000230ba33a5a8 relative=0x0000000000000108
Event: 9.348 Thread 0x00000230ce9919a0 Uncommon trap: reason=unstable_if action=reinterpret pc=0x00000230ba33a5a8 method=org.objectweb.asm.ByteVector.putShort(I)Lorg/objectweb/asm/ByteVector; @ 13 c2
Event: 9.348 Thread 0x00000230ce9919a0 DEOPT PACKING pc=0x00000230ba33a5a8 sp=0x0000008dec2f8b80
Event: 9.348 Thread 0x00000230ce9919a0 DEOPT UNPACKING pc=0x00000230b9c246a2 sp=0x0000008dec2f8b18 mode 2

Classes loaded (20 events):
Event: 9.181 Loading class java/io/ObjectStreamClass$1
Event: 9.181 Loading class java/io/ObjectStreamClass$1 done
Event: 9.181 Loading class java/io/ObjectStreamClass$MemberSignature
Event: 9.182 Loading class java/io/ObjectStreamClass$MemberSignature done
Event: 9.182 Loading class java/io/ObjectStreamClass$3
Event: 9.182 Loading class java/io/ObjectStreamClass$3 done
Event: 9.182 Loading class java/io/ObjectStreamClass$4
Event: 9.182 Loading class java/io/ObjectStreamClass$4 done
Event: 9.182 Loading class java/io/ObjectStreamClass$5
Event: 9.182 Loading class java/io/ObjectStreamClass$5 done
Event: 9.183 Loading class java/io/ObjectStreamClass$ClassDataSlot
Event: 9.183 Loading class java/io/ObjectStreamClass$ClassDataSlot done
Event: 9.186 Loading class jdk/internal/reflect/MethodHandleLongFieldAccessorImpl
Event: 9.186 Loading class jdk/internal/reflect/MethodHandleLongFieldAccessorImpl done
Event: 9.191 Loading class java/io/SerialCallbackContext
Event: 9.191 Loading class java/io/SerialCallbackContext done
Event: 9.294 Loading class java/util/function/LongUnaryOperator
Event: 9.294 Loading class java/util/function/LongUnaryOperator done
Event: 9.314 Loading class java/util/DualPivotQuicksort
Event: 9.315 Loading class java/util/DualPivotQuicksort done

Classes unloaded (0 events):
No events

Classes redefined (0 events):
No events

Internal exceptions (20 events):
Event: 7.900 Thread 0x00000230ce9919a0 Exception <a 'java/lang/NoSuchMethodError'{0x000000008f3855f8}: 'java.lang.Object java.lang.invoke.DirectMethodHandle$Holder.newInvokeSpecial(java.lang.Object, int, java.lang.Object)'> (0x000000008f3855f8) 
thrown [s\src\hotspot\share\interpreter\linkResolver.cpp, line 784]
Event: 7.952 Thread 0x00000230ce9919a0 Exception <a 'java/lang/NoSuchMethodError'{0x000000008f193d38}: 'java.lang.Object java.lang.invoke.DirectMethodHandle$Holder.invokeSpecial(java.lang.Object, java.lang.Object, long, java.lang.Object, java.lang.Object)'> (0x000000008f193d38) 
thrown [s\src\hotspot\share\interpreter\linkResolver.cpp, line 784]
Event: 7.973 Thread 0x00000230ce9919a0 Exception <a 'java/lang/NoSuchMethodError'{0x000000008f064090}: 'java.lang.Object java.lang.invoke.DirectMethodHandle$Holder.newInvokeSpecial(java.lang.Object, java.lang.Object, int, java.lang.Object)'> (0x000000008f064090) 
thrown [s\src\hotspot\share\interpreter\linkResolver.cpp, line 784]
Event: 7.973 Thread 0x00000230ce9919a0 Exception <a 'java/lang/NoSuchMethodError'{0x000000008f068880}: 'java.lang.Object java.lang.invoke.DirectMethodHandle$Holder.invokeSpecial(java.lang.Object, java.lang.Object, java.lang.Object, int, java.lang.Object)'> (0x000000008f068880) 
thrown [s\src\hotspot\share\interpreter\linkResolver.cpp, line 784]
Event: 8.626 Thread 0x00000230ce9919a0 Exception <a 'sun/nio/fs/WindowsException'{0x000000008f19e638}> (0x000000008f19e638) 
thrown [s\src\hotspot\share\prims\jni.cpp, line 535]
Event: 8.626 Thread 0x00000230ce9919a0 Exception <a 'sun/nio/fs/WindowsException'{0x000000008f19fd98}> (0x000000008f19fd98) 
thrown [s\src\hotspot\share\prims\jni.cpp, line 535]
Event: 8.679 Thread 0x00000230ce9919a0 Exception <a 'java/lang/NoSuchMethodError'{0x000000008efdabb0}: 'java.lang.Object java.lang.invoke.DirectMethodHandle$Holder.newInvokeSpecial(java.lang.Object, java.lang.Object, java.lang.Object, int)'> (0x000000008efdabb0) 
thrown [s\src\hotspot\share\interpreter\linkResolver.cpp, line 784]
Event: 8.679 Thread 0x00000230ce9919a0 Exception <a 'java/lang/NoSuchMethodError'{0x000000008efdf3b8}: 'java.lang.Object java.lang.invoke.DirectMethodHandle$Holder.invokeSpecial(java.lang.Object, java.lang.Object, java.lang.Object, java.lang.Object, int)'> (0x000000008efdf3b8) 
thrown [s\src\hotspot\share\interpreter\linkResolver.cpp, line 784]
Event: 8.680 Thread 0x00000230ce9919a0 Exception <a 'java/lang/NoSuchMethodError'{0x000000008efe3528}: 'java.lang.Object java.lang.invoke.Invokers$Holder.linkToTargetMethod(java.lang.Object, java.lang.Object, int, java.lang.Object)'> (0x000000008efe3528) 
thrown [s\src\hotspot\share\interpreter\linkResolver.cpp, line 784]
Event: 8.696 Thread 0x00000230ce9919a0 Exception <a 'sun/nio/fs/WindowsException'{0x000000008ee98610}> (0x000000008ee98610) 
thrown [s\src\hotspot\share\prims\jni.cpp, line 535]
Event: 8.944 Thread 0x00000230ce9919a0 Exception <a 'java/lang/NoSuchMethodError'{0x000000008f3ac190}: 'void java.lang.invoke.DirectMethodHandle$Holder.invokeStatic(java.lang.Object, java.lang.Object, java.lang.Object, java.lang.Object, java.lang.Object, java.lang.Object, java.lang.Object)'> (0x000000008f3ac190) 
thrown [s\src\hotspot\share\interpreter\linkResolver.cpp, line 784]
Event: 9.182 Thread 0x00000230ce98f240 Exception <a 'java/lang/NoSuchMethodError'{0x00000000843296d8}: static Lorg/gradle/internal/build/event/types/DefaultOperationStartedProgressEvent;.<clinit>()V> (0x00000000843296d8) 
thrown [s\src\hotspot\share\prims\jni.cpp, line 1126]
Event: 9.182 Thread 0x00000230ce98f240 Exception <a 'java/lang/NoSuchMethodError'{0x00000000843ab9c8}: static Lorg/gradle/internal/build/event/types/AbstractProgressEvent;.<clinit>()V> (0x00000000843ab9c8) 
thrown [s\src\hotspot\share\prims\jni.cpp, line 1126]
Event: 9.186 Thread 0x00000230ce98f240 Exception <a 'java/lang/NoSuchMethodError'{0x00000000843bd920}: static Lorg/gradle/internal/build/event/types/DefaultProjectConfigurationDescriptor;.<clinit>()V> (0x00000000843bd920) 
thrown [s\src\hotspot\share\prims\jni.cpp, line 1126]
Event: 9.186 Thread 0x00000230ce98f240 Exception <a 'java/lang/NoSuchMethodError'{0x00000000843c00f0}: static Lorg/gradle/internal/build/event/types/DefaultOperationDescriptor;.<clinit>()V> (0x00000000843c00f0) 
thrown [s\src\hotspot\share\prims\jni.cpp, line 1126]
Event: 9.187 Thread 0x00000230ce98f240 Exception <a 'java/lang/NoSuchMethodError'{0x00000000843c5180}: 'long java.lang.invoke.DirectMethodHandle$Holder.invokeSpecial(java.lang.Object, java.lang.Object)'> (0x00000000843c5180) 
thrown [s\src\hotspot\share\interpreter\linkResolver.cpp, line 784]
Event: 9.187 Thread 0x00000230ce98f240 Exception <a 'java/lang/NoSuchMethodError'{0x00000000843c8538}: 'long java.lang.invoke.Invokers$Holder.invokeExact_MT(java.lang.Object, java.lang.Object)'> (0x00000000843c8538) 
thrown [s\src\hotspot\share\interpreter\linkResolver.cpp, line 784]
Event: 9.189 Thread 0x00000230ce98f240 Exception <a 'java/lang/NoSuchMethodError'{0x00000000843e0108}: static Lorg/gradle/internal/operations/OperationIdentifier;.<clinit>()V> (0x00000000843e0108) 
thrown [s\src\hotspot\share\prims\jni.cpp, line 1126]
Event: 9.294 Thread 0x00000230ce9919a0 Exception <a 'java/lang/NoSuchMethodError'{0x0000000083d29c50}: 'long java.lang.invoke.DirectMethodHandle$Holder.invokeStatic(java.lang.Object, long)'> (0x0000000083d29c50) 
thrown [s\src\hotspot\share\interpreter\linkResolver.cpp, line 784]
Event: 9.347 Thread 0x00000230ce9919a0 Implicit null exception at 0x00000230ba5b2543 to 0x00000230ba5b287c

ZGC Phase Switch (0 events):
No events

VM Operations (20 events):
Event: 7.723 Executing VM operation: ICBufferFull
Event: 7.723 Executing VM operation: ICBufferFull done
Event: 7.849 Executing VM operation: G1CollectForAllocation (G1 Evacuation Pause)
Event: 7.854 Executing VM operation: G1CollectForAllocation (G1 Evacuation Pause) done
Event: 7.994 Executing VM operation: HandshakeAllThreads (Deoptimize)
Event: 7.995 Executing VM operation: HandshakeAllThreads (Deoptimize) done
Event: 8.527 Executing VM operation: G1CollectForAllocation (G1 Evacuation Pause)
Event: 8.531 Executing VM operation: G1CollectForAllocation (G1 Evacuation Pause) done
Event: 8.832 Executing VM operation: CollectForMetadataAllocation (Metadata GC Threshold)
Event: 8.836 Executing VM operation: CollectForMetadataAllocation (Metadata GC Threshold) done
Event: 8.858 Executing VM operation: G1PauseRemark
Event: 8.861 Executing VM operation: G1PauseRemark done
Event: 8.872 Executing VM operation: G1PauseCleanup
Event: 8.872 Executing VM operation: G1PauseCleanup done
Event: 8.995 Executing VM operation: HandshakeAllThreads (Deoptimize)
Event: 8.995 Executing VM operation: HandshakeAllThreads (Deoptimize) done
Event: 9.100 Executing VM operation: HandshakeAllThreads (Deoptimize)
Event: 9.101 Executing VM operation: HandshakeAllThreads (Deoptimize) done
Event: 9.129 Executing VM operation: ICBufferFull
Event: 9.129 Executing VM operation: ICBufferFull done

Events (20 events):
Event: 8.860 Thread 0x00000230c8094c50 flushing nmethod 0x00000230b278f910
Event: 8.860 Thread 0x00000230c8094c50 flushing nmethod 0x00000230b278eb10
Event: 8.860 Thread 0x00000230c8094c50 flushing nmethod 0x00000230ba453810
Event: 8.860 Thread 0x00000230c8094c50 flushing nmethod 0x00000230ba43d890
Event: 8.860 Thread 0x00000230c8094c50 flushing nmethod 0x00000230ba468a10
Event: 8.860 Thread 0x00000230c8094c50 flushing nmethod 0x00000230ba472390
Event: 8.860 Thread 0x00000230c8094c50 flushing nmethod 0x00000230ba444410
Event: 8.860 Thread 0x00000230c8094c50 flushing nmethod 0x00000230ba457d10
Event: 8.860 Thread 0x00000230c8094c50 flushing nmethod 0x00000230ba43be10
Event: 8.860 Thread 0x00000230c8094c50 flushing nmethod 0x00000230ba392f90
Event: 8.860 Thread 0x00000230c8094c50 flushing nmethod 0x00000230ba40c710
Event: 8.860 Thread 0x00000230c8094c50 flushing nmethod 0x00000230ba3c8f10
Event: 8.860 Thread 0x00000230c8094c50 flushing nmethod 0x00000230ba3eab10
Event: 8.860 Thread 0x00000230c8094c50 flushing nmethod 0x00000230ba3d6d10
Event: 8.860 Thread 0x00000230c8094c50 flushing nmethod 0x00000230ba3ca510
Event: 8.860 Thread 0x00000230c8094c50 flushing nmethod 0x00000230ba3b0690
Event: 8.860 Thread 0x00000230c8094c50 flushing nmethod 0x00000230ba3b7290
Event: 8.860 Thread 0x00000230c8094c50 flushing nmethod 0x00000230ba382690
Event: 8.860 Thread 0x00000230c8094c50 flushing nmethod 0x00000230ba341490
Event: 8.860 Thread 0x00000230c8094c50 flushing nmethod 0x00000230ba347110


Dynamic libraries:
0x00007ff7b45d0000 - 0x00007ff7b45da000 	E:\android\jbr\bin\java.exe
0x00007fffd9e70000 - 0x00007fffda087000 	C:\WINDOWS\SYSTEM32\ntdll.dll
0x00007fffd7ff0000 - 0x00007fffd80b4000 	C:\WINDOWS\System32\KERNEL32.DLL
0x00007fffd7490000 - 0x00007fffd7847000 	C:\WINDOWS\System32\KERNELBASE.dll
0x00007fffd7250000 - 0x00007fffd7361000 	C:\WINDOWS\System32\ucrtbase.dll
0x00007fffc7c10000 - 0x00007fffc7c28000 	E:\android\jbr\bin\jli.dll
0x00007fffc7e80000 - 0x00007fffc7e9b000 	E:\android\jbr\bin\VCRUNTIME140.dll
0x00007fffd88f0000 - 0x00007fffd8a9f000 	C:\WINDOWS\System32\USER32.dll
0x00007fffd78c0000 - 0x00007fffd78e6000 	C:\WINDOWS\System32\win32u.dll
0x00007fffc20f0000 - 0x00007fffc2383000 	C:\WINDOWS\WinSxS\amd64_microsoft.windows.common-controls_6595b64144ccf1df_6.0.22621.3672_none_2713b9d173822955\COMCTL32.dll
0x00007fffd9e00000 - 0x00007fffd9e29000 	C:\WINDOWS\System32\GDI32.dll
0x00007fffd8470000 - 0x00007fffd8517000 	C:\WINDOWS\System32\msvcrt.dll
0x00007fffd7370000 - 0x00007fffd7488000 	C:\WINDOWS\System32\gdi32full.dll
0x00007fffd7180000 - 0x00007fffd721a000 	C:\WINDOWS\System32\msvcp_win.dll
0x00007fffd9dc0000 - 0x00007fffd9df1000 	C:\WINDOWS\System32\IMM32.DLL
0x00007fffcd8c0000 - 0x00007fffcd8cc000 	E:\android\jbr\bin\vcruntime140_1.dll
0x00007fffc3a40000 - 0x00007fffc3acd000 	E:\android\jbr\bin\msvcp140.dll
0x00007fff87c20000 - 0x00007fff8889d000 	E:\android\jbr\bin\server\jvm.dll
0x00007fffd87a0000 - 0x00007fffd8852000 	C:\WINDOWS\System32\ADVAPI32.dll
0x00007fffd8640000 - 0x00007fffd86e8000 	C:\WINDOWS\System32\sechost.dll
0x00007fffd7220000 - 0x00007fffd7248000 	C:\WINDOWS\System32\bcrypt.dll
0x00007fffd81e0000 - 0x00007fffd82f4000 	C:\WINDOWS\System32\RPCRT4.dll
0x00007fffd8160000 - 0x00007fffd81d1000 	C:\WINDOWS\System32\WS2_32.dll
0x00007fffd6ea0000 - 0x00007fffd6eed000 	C:\WINDOWS\SYSTEM32\POWRPROF.dll
0x00007fffd13e0000 - 0x00007fffd1414000 	C:\WINDOWS\SYSTEM32\WINMM.dll
0x00007fffcc290000 - 0x00007fffcc29a000 	C:\WINDOWS\SYSTEM32\VERSION.dll
0x00007fffd6e80000 - 0x00007fffd6e93000 	C:\WINDOWS\SYSTEM32\UMPDC.dll
0x00007fffd6170000 - 0x00007fffd6188000 	C:\WINDOWS\SYSTEM32\kernel.appcore.dll
0x00007fffcdc20000 - 0x00007fffcdc2a000 	E:\android\jbr\bin\jimage.dll
0x00007fffd4d50000 - 0x00007fffd4f82000 	C:\WINDOWS\SYSTEM32\DBGHELP.DLL
0x00007fffd8fa0000 - 0x00007fffd932e000 	C:\WINDOWS\System32\combase.dll
0x00007fffd7e60000 - 0x00007fffd7f37000 	C:\WINDOWS\System32\OLEAUT32.dll
0x00007fffcd140000 - 0x00007fffcd172000 	C:\WINDOWS\SYSTEM32\dbgcore.DLL
0x00007fffd7b20000 - 0x00007fffd7b9b000 	C:\WINDOWS\System32\bcryptPrimitives.dll
0x00007fffcd790000 - 0x00007fffcd79e000 	E:\android\jbr\bin\instrument.dll
0x00007fffcc760000 - 0x00007fffcc77f000 	E:\android\jbr\bin\java.dll
0x00007fffcc670000 - 0x00007fffcc688000 	E:\android\jbr\bin\zip.dll
0x00007fffd9330000 - 0x00007fffd9b99000 	C:\WINDOWS\System32\SHELL32.dll
0x00007fffd50f0000 - 0x00007fffd59ef000 	C:\WINDOWS\SYSTEM32\windows.storage.dll
0x00007fffd4fb0000 - 0x00007fffd50ef000 	C:\WINDOWS\SYSTEM32\wintypes.dll
0x00007fffd7ba0000 - 0x00007fffd7c99000 	C:\WINDOWS\System32\SHCORE.dll
0x00007fffd7f40000 - 0x00007fffd7f9e000 	C:\WINDOWS\System32\shlwapi.dll
0x00007fffd70b0000 - 0x00007fffd70d7000 	C:\WINDOWS\SYSTEM32\profapi.dll
0x00007fffcd850000 - 0x00007fffcd860000 	E:\android\jbr\bin\net.dll
0x00007fffd3090000 - 0x00007fffd31c6000 	C:\WINDOWS\SYSTEM32\WINHTTP.dll
0x00007fffd6640000 - 0x00007fffd66a9000 	C:\WINDOWS\system32\mswsock.dll
0x00007fffc4430000 - 0x00007fffc4446000 	E:\android\jbr\bin\nio.dll
0x00007fffcd6b0000 - 0x00007fffcd6c0000 	E:\android\jbr\bin\verify.dll
0x00007fffc4130000 - 0x00007fffc4157000 	C:\Users\egorz\.gradle\native\c067742578af261105cb4f569cf0c3c89f3d7b1fecec35dd04571415982c5e48\windows-amd64\native-platform.dll
0x00007fff95c20000 - 0x00007fff95d64000 	C:\Users\egorz\.gradle\native\100fb08df4bc3b14c8652ba06237920a3bd2aa13389f12d3474272988ae205f9\windows-amd64\native-platform-file-events.dll
0x00007fffcc2a0000 - 0x00007fffcc2a9000 	E:\android\jbr\bin\management.dll
0x00007fffc7b70000 - 0x00007fffc7b7b000 	E:\android\jbr\bin\management_ext.dll
0x00007fffd9c00000 - 0x00007fffd9c08000 	C:\WINDOWS\System32\PSAPI.DLL
0x00007fffd6890000 - 0x00007fffd68ab000 	C:\WINDOWS\SYSTEM32\CRYPTSP.dll
0x00007fffd6130000 - 0x00007fffd6165000 	C:\WINDOWS\system32\rsaenh.dll
0x00007fffd6730000 - 0x00007fffd6758000 	C:\WINDOWS\SYSTEM32\USERENV.dll
0x00007fffd68b0000 - 0x00007fffd68bc000 	C:\WINDOWS\SYSTEM32\CRYPTBASE.dll
0x00007fffd5c90000 - 0x00007fffd5cbd000 	C:\WINDOWS\SYSTEM32\IPHLPAPI.DLL
0x00007fffd8520000 - 0x00007fffd8529000 	C:\WINDOWS\System32\NSI.dll
0x00007fffccaa0000 - 0x00007fffccaa9000 	E:\android\jbr\bin\extnet.dll
0x00007fffd0440000 - 0x00007fffd0448000 	C:\WINDOWS\system32\wshunix.dll

dbghelp: loaded successfully - version: 4.0.5 - missing functions: none
symbol engine: initialized successfully - sym options: 0x614 - pdb path: .;E:\android\jbr\bin;C:\WINDOWS\SYSTEM32;C:\WINDOWS\WinSxS\amd64_microsoft.windows.common-controls_6595b64144ccf1df_6.0.22621.3672_none_2713b9d173822955;E:\android\jbr\bin\server;C:\Users\egorz\.gradle\native\c067742578af261105cb4f569cf0c3c89f3d7b1fecec35dd04571415982c5e48\windows-amd64;C:\Users\egorz\.gradle\native\100fb08df4bc3b14c8652ba06237920a3bd2aa13389f12d3474272988ae205f9\windows-amd64

VM Arguments:
jvm_args: --add-opens=java.base/java.util=ALL-UNNAMED --add-opens=java.base/java.lang=ALL-UNNAMED --add-opens=java.base/java.lang.invoke=ALL-UNNAMED --add-opens=java.prefs/java.util.prefs=ALL-UNNAMED --add-exports=jdk.compiler/com.sun.tools.javac.api=ALL-UNNAMED --add-exports=jdk.compiler/com.sun.tools.javac.util=ALL-UNNAMED --add-opens=java.base/java.nio.charset=ALL-UNNAMED --add-opens=java.base/java.net=ALL-UNNAMED --add-opens=java.base/java.util.concurrent.atomic=ALL-UNNAMED -Xmx2048m -Dfile.encoding=UTF-8 -Duser.country=RU -Duser.language=ru -Duser.variant -javaagent:C:\Users\egorz\.gradle\wrapper\dists\gradle-8.9-bin\90cnw93cvbtalezasaz0blq0a\gradle-8.9\lib\agents\gradle-instrumentation-agent-8.9.jar 
java_command: org.gradle.launcher.daemon.bootstrap.GradleDaemon 8.9
java_class_path (initial): C:\Users\egorz\.gradle\wrapper\dists\gradle-8.9-bin\90cnw93cvbtalezasaz0blq0a\gradle-8.9\lib\gradle-daemon-main-8.9.jar
Launcher Type: SUN_STANDARD

[Global flags]
     intx CICompilerCount                          = 12                                        {product} {ergonomic}
     uint ConcGCThreads                            = 3                                         {product} {ergonomic}
     uint G1ConcRefinementThreads                  = 13                                        {product} {ergonomic}
   size_t G1HeapRegionSize                         = 1048576                                   {product} {ergonomic}
    uintx GCDrainStackTargetSize                   = 64                                        {product} {ergonomic}
   size_t InitialHeapSize                          = 260046848                                 {product} {ergonomic}
   size_t MarkStackSize                            = 4194304                                   {product} {ergonomic}
   size_t MaxHeapSize                              = 2147483648                                {product} {command line}
   size_t MaxNewSize                               = 1287651328                                {product} {ergonomic}
   size_t MinHeapDeltaBytes                        = 1048576                                   {product} {ergonomic}
   size_t MinHeapSize                              = 8388608                                   {product} {ergonomic}
    uintx NonNMethodCodeHeapSize                   = 7602480                                {pd product} {ergonomic}
    uintx NonProfiledCodeHeapSize                  = 122027880                              {pd product} {ergonomic}
    uintx ProfiledCodeHeapSize                     = 122027880                              {pd product} {ergonomic}
    uintx ReservedCodeCacheSize                    = 251658240                              {pd product} {ergonomic}
     bool SegmentedCodeCache                       = true                                      {product} {ergonomic}
   size_t SoftMaxHeapSize                          = 2147483648                             {manageable} {ergonomic}
     bool UseCompressedOops                        = true                           {product lp64_product} {ergonomic}
     bool UseG1GC                                  = true                                      {product} {ergonomic}
     bool UseLargePagesIndividualAllocation        = false                                  {pd product} {ergonomic}

Logging:
Log output configuration:
 #0: stdout all=warning uptime,level,tags foldmultilines=false
 #1: stderr all=off uptime,level,tags foldmultilines=false

Environment Variables:
PATH=C:\Users\egorz\gcc\bin;C:\Users\egorz\gcc\libexec\gcc\x86_64-w64-mingw32\13.1.0;C:\Program Files (x86)\Common Files\Intel\Shared Libraries\redist\intel64_win\compiler;C:\Program Files (x86)\Common Files\Intel\Shared Libraries\redist\intel64\compiler;C:\Program Files (x86)\Common Files\Oracle\Java\javapath;C:\Windows\system32;C:\Windows;C:\Windows\System32\Wbem;C:\Windows\System32\WindowsPowerShell\v1.0\;C:\Windows\System32\OpenSSH\;C:\Program Files\dotnet\;e:\programs\quartus\quartus\bin;C:\WINDOWS\system32;C:\WINDOWS;C:\WINDOWS\System32\Wbem;C:\WINDOWS\System32\WindowsPowerShell\v1.0\;C:\WINDOWS\System32\OpenSSH\;C:\Program Files\nodejs\;C:\Program Files\Docker\Docker\resources\bin;C:\Program Files\Git\cmd;E:\programs\doxygen\bin;C:\Users\egorz\AppData\Local\Microsoft\WindowsApps;C:\Users\egorz\.dotnet\tools;;E:\ \idea\IntelliJ IDEA 2022.1.2\bin;;E:\programs\clion\CLion 2023.3.4\bin;;C:\Users\egorz\AppData\Roaming\npm
USERNAME=egorz
OS=Windows_NT
PROCESSOR_IDENTIFIER=AMD64 Family 23 Model 104 Stepping 1, AuthenticAMD
TMP=C:\Users\egorz\AppData\Local\Temp
TEMP=C:\Users\egorz\AppData\Local\Temp




Periodic native trim disabled

JNI global refs:
JNI global refs: 35, weak refs: 0

JNI global refs memory usage: 835, weak refs: 833

Process memory usage:
Resident Set Size: 317064K (1% of 16130872K total physical memory with 1312012K free physical memory)

OOME stack traces (most recent first):
Classloader memory used:
Loader org.gradle.internal.classloader.VisitableURLClassLoader                         : 31698K
Loader bootstrap                                                                       : 22229K
Loader org.gradle.initialization.MixInLegacyTypesClassLoader                           : 7289K
Loader jdk.internal.loader.ClassLoaders$PlatformClassLoader                            : 543K
Loader jdk.internal.loader.ClassLoaders$AppClassLoader                                 : 230K
Loader org.gradle.internal.classloader.VisitableURLClassLoader                         : 88800B
Loader jdk.internal.reflect.DelegatingClassLoader                                      : 23816B

Classes loaded by more than one classloader:
Class org.gradle.internal.classloader.FilteringClassLoader                            : loaded 2 times (x 102B)
Class org.gradle.internal.classloader.ClassLoaderHierarchy                            : loaded 2 times (x 67B)
Class org.gradle.api.internal.classpath.ManifestUtil                                  : loaded 2 times (x 68B)
Class org.gradle.internal.classloader.DefaultClassLoaderFactory                       : loaded 2 times (x 79B)
Class org.gradle.internal.classloader.ClassLoaderVisitor                              : loaded 2 times (x 73B)
Class org.gradle.api.internal.classpath.EffectiveClassPath                            : loaded 2 times (x 87B)
Class org.gradle.api.internal.DefaultClassPathProvider                                : loaded 2 times (x 73B)
Class [Lorg.gradle.api.internal.ClassPathProvider;                                    : loaded 2 times (x 66B)
Class org.gradle.api.internal.ClassPathProvider                                       : loaded 2 times (x 67B)
Class org.gradle.internal.service.UnknownServiceException                             : loaded 2 times (x 80B)
Class org.gradle.internal.classpath.TransformedClassPath                              : loaded 2 times (x 93B)
Class org.gradle.internal.service.ServiceLocator                                      : loaded 2 times (x 67B)
Class org.gradle.internal.InternalTransformer                                         : loaded 2 times (x 67B)
Class org.gradle.internal.classloader.ClasspathUtil$1                                 : loaded 2 times (x 73B)
Class org.gradle.api.internal.classpath.DefaultModuleRegistry$DefaultModule           : loaded 2 times (x 83B)
Class org.gradle.api.internal.classpath.Module                                        : loaded 2 times (x 67B)
Class org.gradle.api.internal.classpath.UnknownModuleException                        : loaded 2 times (x 79B)
Class org.gradle.api.internal.DefaultClassPathRegistry                                : loaded 2 times (x 73B)
Class org.gradle.api.internal.ClassPathRegistry                                       : loaded 2 times (x 67B)
Class org.gradle.internal.classpath.DefaultClassPath$ImmutableUniqueList              : loaded 2 times (x 196B)
Class Settings_gradle$1                                                               : loaded 2 times (x 71B)
Class Program                                                                         : loaded 2 times (x 69B)
Class org.gradle.internal.classpath.ClassPath                                         : loaded 2 times (x 67B)
Class org.gradle.api.UncheckedIOException                                             : loaded 2 times (x 79B)
Class org.gradle.internal.installation.GradleInstallation$1                           : loaded 2 times (x 72B)
Class org.gradle.api.internal.classpath.ModuleRegistry                                : loaded 2 times (x 67B)
Class org.gradle.api.internal.classpath.DefaultModuleRegistry                         : loaded 2 times (x 80B)
Class org.gradle.internal.service.ServiceLookupException                              : loaded 2 times (x 79B)
Class org.gradle.internal.classloader.ClassLoaderFactory                              : loaded 2 times (x 67B)
Class org.gradle.internal.service.CachingServiceLocator                               : loaded 2 times (x 79B)
Class org.gradle.internal.classloader.ClasspathUtil                                   : loaded 2 times (x 68B)
Class org.gradle.api.specs.Spec                                                       : loaded 2 times (x 67B)
Class org.gradle.internal.classloader.VisitableURLClassLoader$InstrumentingVisitableURLClassLoader: loaded 2 times (x 120B)
Class org.gradle.internal.classloader.VisitableURLClassLoader$Spec                    : loaded 2 times (x 71B)
Class org.gradle.internal.classpath.DefaultClassPath                                  : loaded 2 times (x 87B)
Class org.gradle.internal.classloader.ClassLoaderSpec                                 : loaded 2 times (x 68B)
Class Settings_gradle$1$1                                                             : loaded 2 times (x 71B)
Class org.gradle.internal.classloader.VisitableURLClassLoader                         : loaded 2 times (x 114B)
Class Settings_gradle                                                                 : loaded 2 times (x 125B)
Class org.gradle.internal.Cast                                                        : loaded 2 times (x 68B)
Class org.gradle.api.Action                                                           : loaded 2 times (x 67B)
Class org.gradle.internal.agents.InstrumentingClassLoader                             : loaded 2 times (x 67B)
Class org.gradle.internal.classpath.DefaultClassPath$ImmutableUniqueList$Builder      : loaded 2 times (x 72B)
Class org.gradle.api.GradleException                                                  : loaded 2 times (x 79B)
Class org.gradle.internal.IoActions                                                   : loaded 2 times (x 68B)
Class org.gradle.internal.classloader.SystemClassLoaderSpec                           : loaded 2 times (x 68B)
Class org.gradle.internal.installation.CurrentGradleInstallationLocator               : loaded 2 times (x 68B)
Class org.gradle.internal.service.DefaultServiceLocator                               : loaded 2 times (x 80B)
Class org.gradle.internal.installation.CurrentGradleInstallation                      : loaded 2 times (x 70B)
Class org.gradle.util.internal.GUtil                                                  : loaded 2 times (x 68B)
Class org.gradle.internal.installation.GradleInstallation                             : loaded 2 times (x 72B)

---------------  S Y S T E M  ---------------

OS:
 Windows 11 , 64 bit Build 22621 (10.0.22621.3958)
OS uptime: 3 days 1:40 hours

CPU: total 16 (initial active 16) (16 cores per cpu, 2 threads per core) family 23 model 104 stepping 1 microcode 0x0, cx8, cmov, fxsr, ht, mmx, 3dnowpref, sse, sse2, sse3, ssse3, sse4a, sse4.1, sse4.2, popcnt, lzcnt, tsc, tscinvbit, avx, avx2, aes, clmul, bmi1, bmi2, adx, sha, fma, vzeroupper, clflush, clflushopt, rdtscp, rdpid, f16c
Processor Information for all 16 processors :
  Max Mhz: 1801, Current Mhz: 1801, Mhz Limit: 1801

Memory: 4k page, system-wide physical 15752M (1281M free)
TotalPageFile size 25992M (AvailPageFile size 1M)
current process WorkingSet (physical memory assigned to process): 309M, peak: 311M
current process commit charge ("private bytes"): 357M, peak: 390M

vm_info: OpenJDK 64-Bit Server VM (21.0.3+-12282718-b509.11) for windows-amd64 JRE (21.0.3+-12282718-b509.11), built on 2024-08-27T17:34:15Z by "builder" with MS VC++ 16.10 / 16.11 (VS2019)

END.
